


ARM Macro Assembler    Page 1 


    1 00000000         #       1                "mbed-os/targets/TARGET_STM/TAR
GET_STM32F4/TARGET_STM32F429xI/device/TOOLCHAIN_ARM_STD/startup_stm32f429xx.S"
    1 00000000         #       1                "<built-in>" 1
    1 00000000         #       1                "mbed-os/targets/TARGET_STM/TAR
GET_STM32F4/TARGET_STM32F429xI/device/TOOLCHAIN_ARM_STD/startup_stm32f429xx.S" 
2
    1 00000000         ;******************** (C) COPYRIGHT 2017 STMicroelectron
                       ics ********************
    2 00000000         ;* File Name : startup_stm32f429xx.s
    3 00000000         ;* Author : MCD Application Team
    4 00000000         ;* Description : STM32F429x devices vector table for MDK
                       -ARM_STD toolchain.
    5 00000000         ;* This module performs:
    6 00000000         ;* - Set the initial SP
    7 00000000         ;* - Set the initial PC == Reset_Handler
    8 00000000         ;* - Set the vector table entries with the exceptions IS
                       R address
    9 00000000         ;* - Branches to __main in the C library (which eventual
                       ly
   10 00000000         ;* calls main()).
   11 00000000         ;* After Reset the CortexM4 processor is in Thread mode,
                       
   12 00000000         ;* priority is Privileged, and the Stack is set to Main.
                       
   13 00000000         ;* <<< Use Configuration Wizard in Context Menu >>>
   14 00000000         ;*******************************************************
                       ************************
   15 00000000         ;
   16 00000000         ;* Redistribution and use in source and binary forms, wi
                       th or without modification,
   17 00000000         ;* are permitted provided that the following conditions 
                       are met:
   18 00000000         ;* 1. Redistributions of source code must retain the abo
                       ve copyright notice,
   19 00000000         ;* this list of conditions and the following disclaimer.
                       
   20 00000000         ;* 2. Redistributions in binary form must reproduce the 
                       above copyright notice,
   21 00000000         ;* this list of conditions and the following disclaimer 
                       in the documentation
   22 00000000         ;* and/or other materials provided with the distribution
                       .
   23 00000000         ;* 3. Neither the name of STMicroelectronics nor the nam
                       es of its contributors
   24 00000000         ;* may be used to endorse or promote products derived fr
                       om this software
   25 00000000         ;* without specific prior written permission.
   26 00000000         ;*
   27 00000000         ;* THIS SOFTWARE IS PROVIDED BY THE COPYRIGHT HOLDERS AN
                       D CONTRIBUTORS "AS IS"
   28 00000000         ;* AND ANY EXPRESS OR IMPLIED WARRANTIES, INCLUDING, BUT
                        NOT LIMITED TO, THE
   29 00000000         ;* IMPLIED WARRANTIES OF MERCHANTABILITY AND FITNESS FOR
                        A PARTICULAR PURPOSE ARE
   30 00000000         ;* DISCLAIMED. IN NO EVENT SHALL THE COPYRIGHT HOLDER OR
                        CONTRIBUTORS BE LIABLE
   31 00000000         ;* FOR ANY DIRECT, INDIRECT, INCIDENTAL, SPECIAL, EXEMPL
                       ARY, OR CONSEQUENTIAL
   32 00000000         ;* DAMAGES (INCLUDING, BUT NOT LIMITED TO, PROCUREMENT O



ARM Macro Assembler    Page 2 


                       F SUBSTITUTE GOODS OR
   33 00000000         ;* SERVICES; LOSS OF USE, DATA, OR PROFITS; OR BUSINESS 
                       INTERRUPTION) HOWEVER
   34 00000000         ;* CAUSED AND ON ANY THEORY OF LIABILITY, WHETHER IN CON
                       TRACT, STRICT LIABILITY,
   35 00000000         ;* OR TORT (INCLUDING NEGLIGENCE OR OTHERWISE) ARISING I
                       N ANY WAY OUT OF THE USE
   36 00000000         ;* OF THIS SOFTWARE, EVEN IF ADVISED OF THE POSSIBILITY 
                       OF SUCH DAMAGE.
   37 00000000         ;
   38 00000000         ;*******************************************************
                       ************************
   39 00000000         
   40 00000000                 PRESERVE8
   41 00000000                 THUMB
   42 00000000         
   43 00000000         
   44 00000000         ; Vector Table Mapped to Address 0 at Reset
   45 00000000                 AREA             RESET, DATA, READONLY
   46 00000000                 EXPORT           __Vectors
   47 00000000                 EXPORT           __Vectors_End
   48 00000000                 EXPORT           __Vectors_Size
   49 00000000                 IMPORT           |Image$$ARM_LIB_STACK$$ZI$$Limi
t|
   50 00000000         
   51 00000000 00000000 
                       __Vectors
                               DCD              |Image$$ARM_LIB_STACK$$ZI$$Limi
t| 
                                                            ; Top of Stack
   52 00000004 00000000        DCD              Reset_Handler ; Reset Handler
   53 00000008 00000000        DCD              NMI_Handler ; NMI Handler
   54 0000000C 00000000        DCD              HardFault_Handler ; Hard Fault 
                                                            Handler
   55 00000010 00000000        DCD              MemManage_Handler 
                                                            ; MPU Fault Handler
                                                            
   56 00000014 00000000        DCD              BusFault_Handler 
                                                            ; Bus Fault Handler
                                                            
   57 00000018 00000000        DCD              UsageFault_Handler ; Usage Faul
                                                            t Handler
   58 0000001C 00000000        DCD              0           ; Reserved
   59 00000020 00000000        DCD              0           ; Reserved
   60 00000024 00000000        DCD              0           ; Reserved
   61 00000028 00000000        DCD              0           ; Reserved
   62 0000002C 00000000        DCD              SVC_Handler ; SVCall Handler
   63 00000030 00000000        DCD              DebugMon_Handler ; Debug Monito
                                                            r Handler
   64 00000034 00000000        DCD              0           ; Reserved
   65 00000038 00000000        DCD              PendSV_Handler ; PendSV Handler
                                                            
   66 0000003C 00000000        DCD              SysTick_Handler 
                                                            ; SysTick Handler
   67 00000040         
   68 00000040         ; External Interrupts
   69 00000040 00000000        DCD              WWDG_IRQHandler 
                                                            ; Window WatchDog
   70 00000044 00000000        DCD              PVD_IRQHandler ; PVD through EX



ARM Macro Assembler    Page 3 


                                                            TI Line detection
   71 00000048 00000000        DCD              TAMP_STAMP_IRQHandler ; Tamper 
                                                            and TimeStamps thro
                                                            ugh the EXTI line
   72 0000004C 00000000        DCD              RTC_WKUP_IRQHandler ; RTC Wakeu
                                                            p through the EXTI 
                                                            line
   73 00000050 00000000        DCD              FLASH_IRQHandler ; FLASH
   74 00000054 00000000        DCD              RCC_IRQHandler ; RCC
   75 00000058 00000000        DCD              EXTI0_IRQHandler ; EXTI Line0
   76 0000005C 00000000        DCD              EXTI1_IRQHandler ; EXTI Line1
   77 00000060 00000000        DCD              EXTI2_IRQHandler ; EXTI Line2
   78 00000064 00000000        DCD              EXTI3_IRQHandler ; EXTI Line3
   79 00000068 00000000        DCD              EXTI4_IRQHandler ; EXTI Line4
   80 0000006C 00000000        DCD              DMA1_Stream0_IRQHandler 
                                                            ; DMA1 Stream 0
   81 00000070 00000000        DCD              DMA1_Stream1_IRQHandler 
                                                            ; DMA1 Stream 1
   82 00000074 00000000        DCD              DMA1_Stream2_IRQHandler 
                                                            ; DMA1 Stream 2
   83 00000078 00000000        DCD              DMA1_Stream3_IRQHandler 
                                                            ; DMA1 Stream 3
   84 0000007C 00000000        DCD              DMA1_Stream4_IRQHandler 
                                                            ; DMA1 Stream 4
   85 00000080 00000000        DCD              DMA1_Stream5_IRQHandler 
                                                            ; DMA1 Stream 5
   86 00000084 00000000        DCD              DMA1_Stream6_IRQHandler 
                                                            ; DMA1 Stream 6
   87 00000088 00000000        DCD              ADC_IRQHandler ; ADC1, ADC2 and
                                                             ADC3s
   88 0000008C 00000000        DCD              CAN1_TX_IRQHandler ; CAN1 TX
   89 00000090 00000000        DCD              CAN1_RX0_IRQHandler ; CAN1 RX0
   90 00000094 00000000        DCD              CAN1_RX1_IRQHandler ; CAN1 RX1
   91 00000098 00000000        DCD              CAN1_SCE_IRQHandler ; CAN1 SCE
   92 0000009C 00000000        DCD              EXTI9_5_IRQHandler ; External L
                                                            ine[9:5]s
   93 000000A0 00000000        DCD              TIM1_BRK_TIM9_IRQHandler ; TIM1
                                                             Break and TIM9
   94 000000A4 00000000        DCD              TIM1_UP_TIM10_IRQHandler ; TIM1
                                                             Update and TIM10
   95 000000A8 00000000        DCD              TIM1_TRG_COM_TIM11_IRQHandler ;
                                                             TIM1 Trigger and C
                                                            ommutation and TIM1
                                                            1
   96 000000AC 00000000        DCD              TIM1_CC_IRQHandler ; TIM1 Captu
                                                            re Compare
   97 000000B0 00000000        DCD              TIM2_IRQHandler ; TIM2
   98 000000B4 00000000        DCD              TIM3_IRQHandler ; TIM3
   99 000000B8 00000000        DCD              TIM4_IRQHandler ; TIM4
  100 000000BC 00000000        DCD              I2C1_EV_IRQHandler ; I2C1 Event
                                                            
  101 000000C0 00000000        DCD              I2C1_ER_IRQHandler ; I2C1 Error
                                                            
  102 000000C4 00000000        DCD              I2C2_EV_IRQHandler ; I2C2 Event
                                                            
  103 000000C8 00000000        DCD              I2C2_ER_IRQHandler ; I2C2 Error
                                                            
  104 000000CC 00000000        DCD              SPI1_IRQHandler ; SPI1
  105 000000D0 00000000        DCD              SPI2_IRQHandler ; SPI2



ARM Macro Assembler    Page 4 


  106 000000D4 00000000        DCD              USART1_IRQHandler ; USART1
  107 000000D8 00000000        DCD              USART2_IRQHandler ; USART2
  108 000000DC 00000000        DCD              USART3_IRQHandler ; USART3
  109 000000E0 00000000        DCD              EXTI15_10_IRQHandler ; External
                                                             Line[15:10]s
  110 000000E4 00000000        DCD              RTC_Alarm_IRQHandler ; RTC Alar
                                                            m (A and B) through
                                                             EXTI Line
  111 000000E8 00000000        DCD              OTG_FS_WKUP_IRQHandler ; USB OT
                                                            G FS Wakeup through
                                                             EXTI line
  112 000000EC 00000000        DCD              TIM8_BRK_TIM12_IRQHandler ; TIM
                                                            8 Break and TIM12
  113 000000F0 00000000        DCD              TIM8_UP_TIM13_IRQHandler ; TIM8
                                                             Update and TIM13
  114 000000F4 00000000        DCD              TIM8_TRG_COM_TIM14_IRQHandler ;
                                                             TIM8 Trigger and C
                                                            ommutation and TIM1
                                                            4
  115 000000F8 00000000        DCD              TIM8_CC_IRQHandler ; TIM8 Captu
                                                            re Compare
  116 000000FC 00000000        DCD              DMA1_Stream7_IRQHandler 
                                                            ; DMA1 Stream7
  117 00000100 00000000        DCD              FMC_IRQHandler ; FMC
  118 00000104 00000000        DCD              SDIO_IRQHandler ; SDIO
  119 00000108 00000000        DCD              TIM5_IRQHandler ; TIM5
  120 0000010C 00000000        DCD              SPI3_IRQHandler ; SPI3
  121 00000110 00000000        DCD              UART4_IRQHandler ; UART4
  122 00000114 00000000        DCD              UART5_IRQHandler ; UART5
  123 00000118 00000000        DCD              TIM6_DAC_IRQHandler ; TIM6 and 
                                                            DAC1&2 underrun err
                                                            ors
  124 0000011C 00000000        DCD              TIM7_IRQHandler ; TIM7
  125 00000120 00000000        DCD              DMA2_Stream0_IRQHandler 
                                                            ; DMA2 Stream 0
  126 00000124 00000000        DCD              DMA2_Stream1_IRQHandler 
                                                            ; DMA2 Stream 1
  127 00000128 00000000        DCD              DMA2_Stream2_IRQHandler 
                                                            ; DMA2 Stream 2
  128 0000012C 00000000        DCD              DMA2_Stream3_IRQHandler 
                                                            ; DMA2 Stream 3
  129 00000130 00000000        DCD              DMA2_Stream4_IRQHandler 
                                                            ; DMA2 Stream 4
  130 00000134 00000000        DCD              ETH_IRQHandler ; Ethernet
  131 00000138 00000000        DCD              ETH_WKUP_IRQHandler ; Ethernet 
                                                            Wakeup through EXTI
                                                             line
  132 0000013C 00000000        DCD              CAN2_TX_IRQHandler ; CAN2 TX
  133 00000140 00000000        DCD              CAN2_RX0_IRQHandler ; CAN2 RX0
  134 00000144 00000000        DCD              CAN2_RX1_IRQHandler ; CAN2 RX1
  135 00000148 00000000        DCD              CAN2_SCE_IRQHandler ; CAN2 SCE
  136 0000014C 00000000        DCD              OTG_FS_IRQHandler ; USB OTG FS
  137 00000150 00000000        DCD              DMA2_Stream5_IRQHandler 
                                                            ; DMA2 Stream 5
  138 00000154 00000000        DCD              DMA2_Stream6_IRQHandler 
                                                            ; DMA2 Stream 6
  139 00000158 00000000        DCD              DMA2_Stream7_IRQHandler 
                                                            ; DMA2 Stream 7
  140 0000015C 00000000        DCD              USART6_IRQHandler ; USART6



ARM Macro Assembler    Page 5 


  141 00000160 00000000        DCD              I2C3_EV_IRQHandler ; I2C3 event
                                                            
  142 00000164 00000000        DCD              I2C3_ER_IRQHandler ; I2C3 error
                                                            
  143 00000168 00000000        DCD              OTG_HS_EP1_OUT_IRQHandler ; USB
                                                             OTG HS End Point 1
                                                             Out
  144 0000016C 00000000        DCD              OTG_HS_EP1_IN_IRQHandler ; USB 
                                                            OTG HS End Point 1 
                                                            In
  145 00000170 00000000        DCD              OTG_HS_WKUP_IRQHandler ; USB OT
                                                            G HS Wakeup through
                                                             EXTI
  146 00000174 00000000        DCD              OTG_HS_IRQHandler ; USB OTG HS
  147 00000178 00000000        DCD              DCMI_IRQHandler ; DCMI
  148 0000017C 00000000        DCD              0           ; Reserved
  149 00000180 00000000        DCD              HASH_RNG_IRQHandler 
                                                            ; Hash and Rng
  150 00000184 00000000        DCD              FPU_IRQHandler ; FPU
  151 00000188 00000000        DCD              UART7_IRQHandler ; UART7
  152 0000018C 00000000        DCD              UART8_IRQHandler ; UART8
  153 00000190 00000000        DCD              SPI4_IRQHandler ; SPI4
  154 00000194 00000000        DCD              SPI5_IRQHandler ; SPI5
  155 00000198 00000000        DCD              SPI6_IRQHandler ; SPI6
  156 0000019C 00000000        DCD              SAI1_IRQHandler ; SAI1
  157 000001A0 00000000        DCD              LTDC_IRQHandler ; LTDC
  158 000001A4 00000000        DCD              LTDC_ER_IRQHandler ; LTDC error
                                                            
  159 000001A8 00000000        DCD              DMA2D_IRQHandler ; DMA2D
  160 000001AC         
  161 000001AC         __Vectors_End
  162 000001AC         
  163 000001AC 000001AC 
                       __Vectors_Size
                               EQU              __Vectors_End - __Vectors
  164 000001AC         
  165 000001AC                 AREA             |.text|, CODE, READONLY
  166 00000000         
  167 00000000         ; Reset handler
  168 00000000         Reset_Handler
                               PROC
  169 00000000                 EXPORT           Reset_Handler [WEAK]
  170 00000000                 IMPORT           SystemInit
  171 00000000                 IMPORT           __main
  172 00000000         
  173 00000000 4806            LDR              R0, =SystemInit
  174 00000002 4780            BLX              R0
  175 00000004 4806            LDR              R0, =__main
  176 00000006 4700            BX               R0
  177 00000008                 ENDP
  178 00000008         
  179 00000008         ; Dummy Exception Handlers (infinite loops which can be 
                       modified)
  180 00000008         
  181 00000008         NMI_Handler
                               PROC
  182 00000008                 EXPORT           NMI_Handler [WEAK]
  183 00000008 E7FE            B                .
  184 0000000A                 ENDP



ARM Macro Assembler    Page 6 


  185 0000000A         HardFault_Handler
                               PROC
  186 0000000A         
  187 0000000A                 EXPORT           HardFault_Handler [WEAK]
  188 0000000A E7FE            B                .
  189 0000000C                 ENDP
  190 0000000C         MemManage_Handler
                               PROC
  191 0000000C         
  192 0000000C                 EXPORT           MemManage_Handler [WEAK]
  193 0000000C E7FE            B                .
  194 0000000E                 ENDP
  195 0000000E         BusFault_Handler
                               PROC
  196 0000000E         
  197 0000000E                 EXPORT           BusFault_Handler [WEAK]
  198 0000000E E7FE            B                .
  199 00000010                 ENDP
  200 00000010         UsageFault_Handler
                               PROC
  201 00000010         
  202 00000010                 EXPORT           UsageFault_Handler [WEAK]
  203 00000010 E7FE            B                .
  204 00000012                 ENDP
  205 00000012         SVC_Handler
                               PROC
  206 00000012                 EXPORT           SVC_Handler [WEAK]
  207 00000012 E7FE            B                .
  208 00000014                 ENDP
  209 00000014         DebugMon_Handler
                               PROC
  210 00000014         
  211 00000014                 EXPORT           DebugMon_Handler [WEAK]
  212 00000014 E7FE            B                .
  213 00000016                 ENDP
  214 00000016         PendSV_Handler
                               PROC
  215 00000016                 EXPORT           PendSV_Handler [WEAK]
  216 00000016 E7FE            B                .
  217 00000018                 ENDP
  218 00000018         SysTick_Handler
                               PROC
  219 00000018                 EXPORT           SysTick_Handler [WEAK]
  220 00000018 E7FE            B                .
  221 0000001A                 ENDP
  222 0000001A         
  223 0000001A         Default_Handler
                               PROC
  224 0000001A         
  225 0000001A                 EXPORT           WWDG_IRQHandler [WEAK]
  226 0000001A                 EXPORT           PVD_IRQHandler [WEAK]
  227 0000001A                 EXPORT           TAMP_STAMP_IRQHandler [WEAK]
  228 0000001A                 EXPORT           RTC_WKUP_IRQHandler [WEAK]
  229 0000001A                 EXPORT           FLASH_IRQHandler [WEAK]
  230 0000001A                 EXPORT           RCC_IRQHandler [WEAK]
  231 0000001A                 EXPORT           EXTI0_IRQHandler [WEAK]
  232 0000001A                 EXPORT           EXTI1_IRQHandler [WEAK]
  233 0000001A                 EXPORT           EXTI2_IRQHandler [WEAK]
  234 0000001A                 EXPORT           EXTI3_IRQHandler [WEAK]



ARM Macro Assembler    Page 7 


  235 0000001A                 EXPORT           EXTI4_IRQHandler [WEAK]
  236 0000001A                 EXPORT           DMA1_Stream0_IRQHandler [WEAK]
  237 0000001A                 EXPORT           DMA1_Stream1_IRQHandler [WEAK]
  238 0000001A                 EXPORT           DMA1_Stream2_IRQHandler [WEAK]
  239 0000001A                 EXPORT           DMA1_Stream3_IRQHandler [WEAK]
  240 0000001A                 EXPORT           DMA1_Stream4_IRQHandler [WEAK]
  241 0000001A                 EXPORT           DMA1_Stream5_IRQHandler [WEAK]
  242 0000001A                 EXPORT           DMA1_Stream6_IRQHandler [WEAK]
  243 0000001A                 EXPORT           ADC_IRQHandler [WEAK]
  244 0000001A                 EXPORT           CAN1_TX_IRQHandler [WEAK]
  245 0000001A                 EXPORT           CAN1_RX0_IRQHandler [WEAK]
  246 0000001A                 EXPORT           CAN1_RX1_IRQHandler [WEAK]
  247 0000001A                 EXPORT           CAN1_SCE_IRQHandler [WEAK]
  248 0000001A                 EXPORT           EXTI9_5_IRQHandler [WEAK]
  249 0000001A                 EXPORT           TIM1_BRK_TIM9_IRQHandler [WEAK]
  250 0000001A                 EXPORT           TIM1_UP_TIM10_IRQHandler [WEAK]
  251 0000001A                 EXPORT           TIM1_TRG_COM_TIM11_IRQHandler [
WEAK]
  252 0000001A                 EXPORT           TIM1_CC_IRQHandler [WEAK]
  253 0000001A                 EXPORT           TIM2_IRQHandler [WEAK]
  254 0000001A                 EXPORT           TIM3_IRQHandler [WEAK]
  255 0000001A                 EXPORT           TIM4_IRQHandler [WEAK]
  256 0000001A                 EXPORT           I2C1_EV_IRQHandler [WEAK]
  257 0000001A                 EXPORT           I2C1_ER_IRQHandler [WEAK]
  258 0000001A                 EXPORT           I2C2_EV_IRQHandler [WEAK]
  259 0000001A                 EXPORT           I2C2_ER_IRQHandler [WEAK]
  260 0000001A                 EXPORT           SPI1_IRQHandler [WEAK]
  261 0000001A                 EXPORT           SPI2_IRQHandler [WEAK]
  262 0000001A                 EXPORT           USART1_IRQHandler [WEAK]
  263 0000001A                 EXPORT           USART2_IRQHandler [WEAK]
  264 0000001A                 EXPORT           USART3_IRQHandler [WEAK]
  265 0000001A                 EXPORT           EXTI15_10_IRQHandler [WEAK]
  266 0000001A                 EXPORT           RTC_Alarm_IRQHandler [WEAK]
  267 0000001A                 EXPORT           OTG_FS_WKUP_IRQHandler [WEAK]
  268 0000001A                 EXPORT           TIM8_BRK_TIM12_IRQHandler [WEAK
]
  269 0000001A                 EXPORT           TIM8_UP_TIM13_IRQHandler [WEAK]
  270 0000001A                 EXPORT           TIM8_TRG_COM_TIM14_IRQHandler [
WEAK]
  271 0000001A                 EXPORT           TIM8_CC_IRQHandler [WEAK]
  272 0000001A                 EXPORT           DMA1_Stream7_IRQHandler [WEAK]
  273 0000001A                 EXPORT           FMC_IRQHandler [WEAK]
  274 0000001A                 EXPORT           SDIO_IRQHandler [WEAK]
  275 0000001A                 EXPORT           TIM5_IRQHandler [WEAK]
  276 0000001A                 EXPORT           SPI3_IRQHandler [WEAK]
  277 0000001A                 EXPORT           UART4_IRQHandler [WEAK]
  278 0000001A                 EXPORT           UART5_IRQHandler [WEAK]
  279 0000001A                 EXPORT           TIM6_DAC_IRQHandler [WEAK]
  280 0000001A                 EXPORT           TIM7_IRQHandler [WEAK]
  281 0000001A                 EXPORT           DMA2_Stream0_IRQHandler [WEAK]
  282 0000001A                 EXPORT           DMA2_Stream1_IRQHandler [WEAK]
  283 0000001A                 EXPORT           DMA2_Stream2_IRQHandler [WEAK]
  284 0000001A                 EXPORT           DMA2_Stream3_IRQHandler [WEAK]
  285 0000001A                 EXPORT           DMA2_Stream4_IRQHandler [WEAK]
  286 0000001A                 EXPORT           ETH_IRQHandler [WEAK]
  287 0000001A                 EXPORT           ETH_WKUP_IRQHandler [WEAK]
  288 0000001A                 EXPORT           CAN2_TX_IRQHandler [WEAK]
  289 0000001A                 EXPORT           CAN2_RX0_IRQHandler [WEAK]
  290 0000001A                 EXPORT           CAN2_RX1_IRQHandler [WEAK]



ARM Macro Assembler    Page 8 


  291 0000001A                 EXPORT           CAN2_SCE_IRQHandler [WEAK]
  292 0000001A                 EXPORT           OTG_FS_IRQHandler [WEAK]
  293 0000001A                 EXPORT           DMA2_Stream5_IRQHandler [WEAK]
  294 0000001A                 EXPORT           DMA2_Stream6_IRQHandler [WEAK]
  295 0000001A                 EXPORT           DMA2_Stream7_IRQHandler [WEAK]
  296 0000001A                 EXPORT           USART6_IRQHandler [WEAK]
  297 0000001A                 EXPORT           I2C3_EV_IRQHandler [WEAK]
  298 0000001A                 EXPORT           I2C3_ER_IRQHandler [WEAK]
  299 0000001A                 EXPORT           OTG_HS_EP1_OUT_IRQHandler [WEAK
]
  300 0000001A                 EXPORT           OTG_HS_EP1_IN_IRQHandler [WEAK]
  301 0000001A                 EXPORT           OTG_HS_WKUP_IRQHandler [WEAK]
  302 0000001A                 EXPORT           OTG_HS_IRQHandler [WEAK]
  303 0000001A                 EXPORT           DCMI_IRQHandler [WEAK]
  304 0000001A                 EXPORT           HASH_RNG_IRQHandler [WEAK]
  305 0000001A                 EXPORT           FPU_IRQHandler [WEAK]
  306 0000001A                 EXPORT           UART7_IRQHandler [WEAK]
  307 0000001A                 EXPORT           UART8_IRQHandler [WEAK]
  308 0000001A                 EXPORT           SPI4_IRQHandler [WEAK]
  309 0000001A                 EXPORT           SPI5_IRQHandler [WEAK]
  310 0000001A                 EXPORT           SPI6_IRQHandler [WEAK]
  311 0000001A                 EXPORT           SAI1_IRQHandler [WEAK]
  312 0000001A                 EXPORT           LTDC_IRQHandler [WEAK]
  313 0000001A                 EXPORT           LTDC_ER_IRQHandler [WEAK]
  314 0000001A                 EXPORT           DMA2D_IRQHandler [WEAK]
  315 0000001A         
  316 0000001A         WWDG_IRQHandler
  317 0000001A         PVD_IRQHandler
  318 0000001A         TAMP_STAMP_IRQHandler
  319 0000001A         RTC_WKUP_IRQHandler
  320 0000001A         FLASH_IRQHandler
  321 0000001A         RCC_IRQHandler
  322 0000001A         EXTI0_IRQHandler
  323 0000001A         EXTI1_IRQHandler
  324 0000001A         EXTI2_IRQHandler
  325 0000001A         EXTI3_IRQHandler
  326 0000001A         EXTI4_IRQHandler
  327 0000001A         DMA1_Stream0_IRQHandler
  328 0000001A         DMA1_Stream1_IRQHandler
  329 0000001A         DMA1_Stream2_IRQHandler
  330 0000001A         DMA1_Stream3_IRQHandler
  331 0000001A         DMA1_Stream4_IRQHandler
  332 0000001A         DMA1_Stream5_IRQHandler
  333 0000001A         DMA1_Stream6_IRQHandler
  334 0000001A         ADC_IRQHandler
  335 0000001A         CAN1_TX_IRQHandler
  336 0000001A         CAN1_RX0_IRQHandler
  337 0000001A         CAN1_RX1_IRQHandler
  338 0000001A         CAN1_SCE_IRQHandler
  339 0000001A         EXTI9_5_IRQHandler
  340 0000001A         TIM1_BRK_TIM9_IRQHandler
  341 0000001A         TIM1_UP_TIM10_IRQHandler
  342 0000001A         TIM1_TRG_COM_TIM11_IRQHandler
  343 0000001A         TIM1_CC_IRQHandler
  344 0000001A         TIM2_IRQHandler
  345 0000001A         TIM3_IRQHandler
  346 0000001A         TIM4_IRQHandler
  347 0000001A         I2C1_EV_IRQHandler
  348 0000001A         I2C1_ER_IRQHandler



ARM Macro Assembler    Page 9 


  349 0000001A         I2C2_EV_IRQHandler
  350 0000001A         I2C2_ER_IRQHandler
  351 0000001A         SPI1_IRQHandler
  352 0000001A         SPI2_IRQHandler
  353 0000001A         USART1_IRQHandler
  354 0000001A         USART2_IRQHandler
  355 0000001A         USART3_IRQHandler
  356 0000001A         EXTI15_10_IRQHandler
  357 0000001A         RTC_Alarm_IRQHandler
  358 0000001A         OTG_FS_WKUP_IRQHandler
  359 0000001A         TIM8_BRK_TIM12_IRQHandler
  360 0000001A         TIM8_UP_TIM13_IRQHandler
  361 0000001A         TIM8_TRG_COM_TIM14_IRQHandler
  362 0000001A         TIM8_CC_IRQHandler
  363 0000001A         DMA1_Stream7_IRQHandler
  364 0000001A         FMC_IRQHandler
  365 0000001A         SDIO_IRQHandler
  366 0000001A         TIM5_IRQHandler
  367 0000001A         SPI3_IRQHandler
  368 0000001A         UART4_IRQHandler
  369 0000001A         UART5_IRQHandler
  370 0000001A         TIM6_DAC_IRQHandler
  371 0000001A         TIM7_IRQHandler
  372 0000001A         DMA2_Stream0_IRQHandler
  373 0000001A         DMA2_Stream1_IRQHandler
  374 0000001A         DMA2_Stream2_IRQHandler
  375 0000001A         DMA2_Stream3_IRQHandler
  376 0000001A         DMA2_Stream4_IRQHandler
  377 0000001A         ETH_IRQHandler
  378 0000001A         ETH_WKUP_IRQHandler
  379 0000001A         CAN2_TX_IRQHandler
  380 0000001A         CAN2_RX0_IRQHandler
  381 0000001A         CAN2_RX1_IRQHandler
  382 0000001A         CAN2_SCE_IRQHandler
  383 0000001A         OTG_FS_IRQHandler
  384 0000001A         DMA2_Stream5_IRQHandler
  385 0000001A         DMA2_Stream6_IRQHandler
  386 0000001A         DMA2_Stream7_IRQHandler
  387 0000001A         USART6_IRQHandler
  388 0000001A         I2C3_EV_IRQHandler
  389 0000001A         I2C3_ER_IRQHandler
  390 0000001A         OTG_HS_EP1_OUT_IRQHandler
  391 0000001A         OTG_HS_EP1_IN_IRQHandler
  392 0000001A         OTG_HS_WKUP_IRQHandler
  393 0000001A         OTG_HS_IRQHandler
  394 0000001A         DCMI_IRQHandler
  395 0000001A         HASH_RNG_IRQHandler
  396 0000001A         FPU_IRQHandler
  397 0000001A         UART7_IRQHandler
  398 0000001A         UART8_IRQHandler
  399 0000001A         SPI4_IRQHandler
  400 0000001A         SPI5_IRQHandler
  401 0000001A         SPI6_IRQHandler
  402 0000001A         SAI1_IRQHandler
  403 0000001A         LTDC_IRQHandler
  404 0000001A         LTDC_ER_IRQHandler
  405 0000001A         DMA2D_IRQHandler
  406 0000001A E7FE            B                .
  407 0000001C         



ARM Macro Assembler    Page 10 


  408 0000001C                 ENDP
  409 0000001C         
  410 0000001C                 ALIGN
  411 0000001C                 END
              00000000 
              00000000 
Command Line: --debug --xref --cpreproc --diag_suppress=9931 --cpu=Cortex-M4.fp
 -o.\build\startup_stm32f429xx.o -I.\RTE\_ELEC241-P1-2020 -IC:\Users\noutram\Ap
pData\Local\Arm\Packs\Keil\STM32F4xx_DFP\2.14.0\Drivers\CMSIS\Device\ST\STM32F4
xx\Include -IC:\Keil_v5\ARM\CMSIS\Include --predefine="__EVAL SETA 1" --predefi
ne="__UVISION_VERSION SETA 528" --predefine="STM32F429xx SETA 1" --cpreproc_opt
s=-D__ASSERT_MSG,-DUSE_FULL_LL_DRIVER,-DUSE_HAL_DRIVER,-DUSB_STM_HAL,-D__MBED_C
MSIS_RTOS_CM,-DTRANSACTION_QUEUE_SIZE_SPI=2,-D__FPU_PRESENT=1,-D__CORTEX_M4,-DU
SBHOST_OTHER,-D__CMSIS_RTOS,-DARM_MATH_CM4,--target=arm-arm-none-eabi,-mcpu=cor
tex-m4,-mfpu=fpv4-sp-d16,-mfloat-abi=hard,-D__UVISION_VERSION=528,-DSTM32F429xx
 --list=.\build\startup_stm32f429xx.lst mbed-os/targets/TARGET_STM/TARGET_STM32
F4/TARGET_STM32F429xI/device/TOOLCHAIN_ARM_STD/startup_stm32f429xx.S



ARM Macro Assembler    Page 1 Alphabetic symbol ordering
Relocatable symbols

RESET 00000000

Symbol: RESET
   Definitions
      At line 45 in file mbed-os\targets\TARGET_STM\TARGET_STM32F4\TARGET_STM32
F429xI\device\TOOLCHAIN_ARM_STD\startup_stm32f429xx.S
   Uses
      None
Comment: RESET unused
__Vectors 00000000

Symbol: __Vectors
   Definitions
      At line 51 in file mbed-os\targets\TARGET_STM\TARGET_STM32F4\TARGET_STM32
F429xI\device\TOOLCHAIN_ARM_STD\startup_stm32f429xx.S
   Uses
      At line 46 in file mbed-os\targets\TARGET_STM\TARGET_STM32F4\TARGET_STM32
F429xI\device\TOOLCHAIN_ARM_STD\startup_stm32f429xx.S
      At line 163 in file mbed-os\targets\TARGET_STM\TARGET_STM32F4\TARGET_STM3
2F429xI\device\TOOLCHAIN_ARM_STD\startup_stm32f429xx.S

__Vectors_End 000001AC

Symbol: __Vectors_End
   Definitions
      At line 161 in file mbed-os\targets\TARGET_STM\TARGET_STM32F4\TARGET_STM3
2F429xI\device\TOOLCHAIN_ARM_STD\startup_stm32f429xx.S
   Uses
      At line 47 in file mbed-os\targets\TARGET_STM\TARGET_STM32F4\TARGET_STM32
F429xI\device\TOOLCHAIN_ARM_STD\startup_stm32f429xx.S
      At line 163 in file mbed-os\targets\TARGET_STM\TARGET_STM32F4\TARGET_STM3
2F429xI\device\TOOLCHAIN_ARM_STD\startup_stm32f429xx.S

3 symbols



ARM Macro Assembler    Page 1 Alphabetic symbol ordering
Relocatable symbols

.text 00000000

Symbol: .text
   Definitions
      At line 165 in file mbed-os\targets\TARGET_STM\TARGET_STM32F4\TARGET_STM3
2F429xI\device\TOOLCHAIN_ARM_STD\startup_stm32f429xx.S
   Uses
      None
Comment: .text unused
ADC_IRQHandler 0000001A

Symbol: ADC_IRQHandler
   Definitions
      At line 334 in file mbed-os\targets\TARGET_STM\TARGET_STM32F4\TARGET_STM3
2F429xI\device\TOOLCHAIN_ARM_STD\startup_stm32f429xx.S
   Uses
      At line 87 in file mbed-os\targets\TARGET_STM\TARGET_STM32F4\TARGET_STM32
F429xI\device\TOOLCHAIN_ARM_STD\startup_stm32f429xx.S
      At line 243 in file mbed-os\targets\TARGET_STM\TARGET_STM32F4\TARGET_STM3
2F429xI\device\TOOLCHAIN_ARM_STD\startup_stm32f429xx.S

BusFault_Handler 0000000E

Symbol: BusFault_Handler
   Definitions
      At line 195 in file mbed-os\targets\TARGET_STM\TARGET_STM32F4\TARGET_STM3
2F429xI\device\TOOLCHAIN_ARM_STD\startup_stm32f429xx.S
   Uses
      At line 56 in file mbed-os\targets\TARGET_STM\TARGET_STM32F4\TARGET_STM32
F429xI\device\TOOLCHAIN_ARM_STD\startup_stm32f429xx.S
      At line 197 in file mbed-os\targets\TARGET_STM\TARGET_STM32F4\TARGET_STM3
2F429xI\device\TOOLCHAIN_ARM_STD\startup_stm32f429xx.S

CAN1_RX0_IRQHandler 0000001A

Symbol: CAN1_RX0_IRQHandler
   Definitions
      At line 336 in file mbed-os\targets\TARGET_STM\TARGET_STM32F4\TARGET_STM3
2F429xI\device\TOOLCHAIN_ARM_STD\startup_stm32f429xx.S
   Uses
      At line 89 in file mbed-os\targets\TARGET_STM\TARGET_STM32F4\TARGET_STM32
F429xI\device\TOOLCHAIN_ARM_STD\startup_stm32f429xx.S
      At line 245 in file mbed-os\targets\TARGET_STM\TARGET_STM32F4\TARGET_STM3
2F429xI\device\TOOLCHAIN_ARM_STD\startup_stm32f429xx.S

CAN1_RX1_IRQHandler 0000001A

Symbol: CAN1_RX1_IRQHandler
   Definitions
      At line 337 in file mbed-os\targets\TARGET_STM\TARGET_STM32F4\TARGET_STM3
2F429xI\device\TOOLCHAIN_ARM_STD\startup_stm32f429xx.S
   Uses
      At line 90 in file mbed-os\targets\TARGET_STM\TARGET_STM32F4\TARGET_STM32
F429xI\device\TOOLCHAIN_ARM_STD\startup_stm32f429xx.S
      At line 246 in file mbed-os\targets\TARGET_STM\TARGET_STM32F4\TARGET_STM3
2F429xI\device\TOOLCHAIN_ARM_STD\startup_stm32f429xx.S

CAN1_SCE_IRQHandler 0000001A




ARM Macro Assembler    Page 2 Alphabetic symbol ordering
Relocatable symbols

Symbol: CAN1_SCE_IRQHandler
   Definitions
      At line 338 in file mbed-os\targets\TARGET_STM\TARGET_STM32F4\TARGET_STM3
2F429xI\device\TOOLCHAIN_ARM_STD\startup_stm32f429xx.S
   Uses
      At line 91 in file mbed-os\targets\TARGET_STM\TARGET_STM32F4\TARGET_STM32
F429xI\device\TOOLCHAIN_ARM_STD\startup_stm32f429xx.S
      At line 247 in file mbed-os\targets\TARGET_STM\TARGET_STM32F4\TARGET_STM3
2F429xI\device\TOOLCHAIN_ARM_STD\startup_stm32f429xx.S

CAN1_TX_IRQHandler 0000001A

Symbol: CAN1_TX_IRQHandler
   Definitions
      At line 335 in file mbed-os\targets\TARGET_STM\TARGET_STM32F4\TARGET_STM3
2F429xI\device\TOOLCHAIN_ARM_STD\startup_stm32f429xx.S
   Uses
      At line 88 in file mbed-os\targets\TARGET_STM\TARGET_STM32F4\TARGET_STM32
F429xI\device\TOOLCHAIN_ARM_STD\startup_stm32f429xx.S
      At line 244 in file mbed-os\targets\TARGET_STM\TARGET_STM32F4\TARGET_STM3
2F429xI\device\TOOLCHAIN_ARM_STD\startup_stm32f429xx.S

CAN2_RX0_IRQHandler 0000001A

Symbol: CAN2_RX0_IRQHandler
   Definitions
      At line 380 in file mbed-os\targets\TARGET_STM\TARGET_STM32F4\TARGET_STM3
2F429xI\device\TOOLCHAIN_ARM_STD\startup_stm32f429xx.S
   Uses
      At line 133 in file mbed-os\targets\TARGET_STM\TARGET_STM32F4\TARGET_STM3
2F429xI\device\TOOLCHAIN_ARM_STD\startup_stm32f429xx.S
      At line 289 in file mbed-os\targets\TARGET_STM\TARGET_STM32F4\TARGET_STM3
2F429xI\device\TOOLCHAIN_ARM_STD\startup_stm32f429xx.S

CAN2_RX1_IRQHandler 0000001A

Symbol: CAN2_RX1_IRQHandler
   Definitions
      At line 381 in file mbed-os\targets\TARGET_STM\TARGET_STM32F4\TARGET_STM3
2F429xI\device\TOOLCHAIN_ARM_STD\startup_stm32f429xx.S
   Uses
      At line 134 in file mbed-os\targets\TARGET_STM\TARGET_STM32F4\TARGET_STM3
2F429xI\device\TOOLCHAIN_ARM_STD\startup_stm32f429xx.S
      At line 290 in file mbed-os\targets\TARGET_STM\TARGET_STM32F4\TARGET_STM3
2F429xI\device\TOOLCHAIN_ARM_STD\startup_stm32f429xx.S

CAN2_SCE_IRQHandler 0000001A

Symbol: CAN2_SCE_IRQHandler
   Definitions
      At line 382 in file mbed-os\targets\TARGET_STM\TARGET_STM32F4\TARGET_STM3
2F429xI\device\TOOLCHAIN_ARM_STD\startup_stm32f429xx.S
   Uses
      At line 135 in file mbed-os\targets\TARGET_STM\TARGET_STM32F4\TARGET_STM3
2F429xI\device\TOOLCHAIN_ARM_STD\startup_stm32f429xx.S
      At line 291 in file mbed-os\targets\TARGET_STM\TARGET_STM32F4\TARGET_STM3
2F429xI\device\TOOLCHAIN_ARM_STD\startup_stm32f429xx.S

CAN2_TX_IRQHandler 0000001A



ARM Macro Assembler    Page 3 Alphabetic symbol ordering
Relocatable symbols


Symbol: CAN2_TX_IRQHandler
   Definitions
      At line 379 in file mbed-os\targets\TARGET_STM\TARGET_STM32F4\TARGET_STM3
2F429xI\device\TOOLCHAIN_ARM_STD\startup_stm32f429xx.S
   Uses
      At line 132 in file mbed-os\targets\TARGET_STM\TARGET_STM32F4\TARGET_STM3
2F429xI\device\TOOLCHAIN_ARM_STD\startup_stm32f429xx.S
      At line 288 in file mbed-os\targets\TARGET_STM\TARGET_STM32F4\TARGET_STM3
2F429xI\device\TOOLCHAIN_ARM_STD\startup_stm32f429xx.S

DCMI_IRQHandler 0000001A

Symbol: DCMI_IRQHandler
   Definitions
      At line 394 in file mbed-os\targets\TARGET_STM\TARGET_STM32F4\TARGET_STM3
2F429xI\device\TOOLCHAIN_ARM_STD\startup_stm32f429xx.S
   Uses
      At line 147 in file mbed-os\targets\TARGET_STM\TARGET_STM32F4\TARGET_STM3
2F429xI\device\TOOLCHAIN_ARM_STD\startup_stm32f429xx.S
      At line 303 in file mbed-os\targets\TARGET_STM\TARGET_STM32F4\TARGET_STM3
2F429xI\device\TOOLCHAIN_ARM_STD\startup_stm32f429xx.S

DMA1_Stream0_IRQHandler 0000001A

Symbol: DMA1_Stream0_IRQHandler
   Definitions
      At line 327 in file mbed-os\targets\TARGET_STM\TARGET_STM32F4\TARGET_STM3
2F429xI\device\TOOLCHAIN_ARM_STD\startup_stm32f429xx.S
   Uses
      At line 80 in file mbed-os\targets\TARGET_STM\TARGET_STM32F4\TARGET_STM32
F429xI\device\TOOLCHAIN_ARM_STD\startup_stm32f429xx.S
      At line 236 in file mbed-os\targets\TARGET_STM\TARGET_STM32F4\TARGET_STM3
2F429xI\device\TOOLCHAIN_ARM_STD\startup_stm32f429xx.S

DMA1_Stream1_IRQHandler 0000001A

Symbol: DMA1_Stream1_IRQHandler
   Definitions
      At line 328 in file mbed-os\targets\TARGET_STM\TARGET_STM32F4\TARGET_STM3
2F429xI\device\TOOLCHAIN_ARM_STD\startup_stm32f429xx.S
   Uses
      At line 81 in file mbed-os\targets\TARGET_STM\TARGET_STM32F4\TARGET_STM32
F429xI\device\TOOLCHAIN_ARM_STD\startup_stm32f429xx.S
      At line 237 in file mbed-os\targets\TARGET_STM\TARGET_STM32F4\TARGET_STM3
2F429xI\device\TOOLCHAIN_ARM_STD\startup_stm32f429xx.S

DMA1_Stream2_IRQHandler 0000001A

Symbol: DMA1_Stream2_IRQHandler
   Definitions
      At line 329 in file mbed-os\targets\TARGET_STM\TARGET_STM32F4\TARGET_STM3
2F429xI\device\TOOLCHAIN_ARM_STD\startup_stm32f429xx.S
   Uses
      At line 82 in file mbed-os\targets\TARGET_STM\TARGET_STM32F4\TARGET_STM32
F429xI\device\TOOLCHAIN_ARM_STD\startup_stm32f429xx.S
      At line 238 in file mbed-os\targets\TARGET_STM\TARGET_STM32F4\TARGET_STM3
2F429xI\device\TOOLCHAIN_ARM_STD\startup_stm32f429xx.S




ARM Macro Assembler    Page 4 Alphabetic symbol ordering
Relocatable symbols

DMA1_Stream3_IRQHandler 0000001A

Symbol: DMA1_Stream3_IRQHandler
   Definitions
      At line 330 in file mbed-os\targets\TARGET_STM\TARGET_STM32F4\TARGET_STM3
2F429xI\device\TOOLCHAIN_ARM_STD\startup_stm32f429xx.S
   Uses
      At line 83 in file mbed-os\targets\TARGET_STM\TARGET_STM32F4\TARGET_STM32
F429xI\device\TOOLCHAIN_ARM_STD\startup_stm32f429xx.S
      At line 239 in file mbed-os\targets\TARGET_STM\TARGET_STM32F4\TARGET_STM3
2F429xI\device\TOOLCHAIN_ARM_STD\startup_stm32f429xx.S

DMA1_Stream4_IRQHandler 0000001A

Symbol: DMA1_Stream4_IRQHandler
   Definitions
      At line 331 in file mbed-os\targets\TARGET_STM\TARGET_STM32F4\TARGET_STM3
2F429xI\device\TOOLCHAIN_ARM_STD\startup_stm32f429xx.S
   Uses
      At line 84 in file mbed-os\targets\TARGET_STM\TARGET_STM32F4\TARGET_STM32
F429xI\device\TOOLCHAIN_ARM_STD\startup_stm32f429xx.S
      At line 240 in file mbed-os\targets\TARGET_STM\TARGET_STM32F4\TARGET_STM3
2F429xI\device\TOOLCHAIN_ARM_STD\startup_stm32f429xx.S

DMA1_Stream5_IRQHandler 0000001A

Symbol: DMA1_Stream5_IRQHandler
   Definitions
      At line 332 in file mbed-os\targets\TARGET_STM\TARGET_STM32F4\TARGET_STM3
2F429xI\device\TOOLCHAIN_ARM_STD\startup_stm32f429xx.S
   Uses
      At line 85 in file mbed-os\targets\TARGET_STM\TARGET_STM32F4\TARGET_STM32
F429xI\device\TOOLCHAIN_ARM_STD\startup_stm32f429xx.S
      At line 241 in file mbed-os\targets\TARGET_STM\TARGET_STM32F4\TARGET_STM3
2F429xI\device\TOOLCHAIN_ARM_STD\startup_stm32f429xx.S

DMA1_Stream6_IRQHandler 0000001A

Symbol: DMA1_Stream6_IRQHandler
   Definitions
      At line 333 in file mbed-os\targets\TARGET_STM\TARGET_STM32F4\TARGET_STM3
2F429xI\device\TOOLCHAIN_ARM_STD\startup_stm32f429xx.S
   Uses
      At line 86 in file mbed-os\targets\TARGET_STM\TARGET_STM32F4\TARGET_STM32
F429xI\device\TOOLCHAIN_ARM_STD\startup_stm32f429xx.S
      At line 242 in file mbed-os\targets\TARGET_STM\TARGET_STM32F4\TARGET_STM3
2F429xI\device\TOOLCHAIN_ARM_STD\startup_stm32f429xx.S

DMA1_Stream7_IRQHandler 0000001A

Symbol: DMA1_Stream7_IRQHandler
   Definitions
      At line 363 in file mbed-os\targets\TARGET_STM\TARGET_STM32F4\TARGET_STM3
2F429xI\device\TOOLCHAIN_ARM_STD\startup_stm32f429xx.S
   Uses
      At line 116 in file mbed-os\targets\TARGET_STM\TARGET_STM32F4\TARGET_STM3
2F429xI\device\TOOLCHAIN_ARM_STD\startup_stm32f429xx.S
      At line 272 in file mbed-os\targets\TARGET_STM\TARGET_STM32F4\TARGET_STM3
2F429xI\device\TOOLCHAIN_ARM_STD\startup_stm32f429xx.S



ARM Macro Assembler    Page 5 Alphabetic symbol ordering
Relocatable symbols


DMA2D_IRQHandler 0000001A

Symbol: DMA2D_IRQHandler
   Definitions
      At line 405 in file mbed-os\targets\TARGET_STM\TARGET_STM32F4\TARGET_STM3
2F429xI\device\TOOLCHAIN_ARM_STD\startup_stm32f429xx.S
   Uses
      At line 159 in file mbed-os\targets\TARGET_STM\TARGET_STM32F4\TARGET_STM3
2F429xI\device\TOOLCHAIN_ARM_STD\startup_stm32f429xx.S
      At line 314 in file mbed-os\targets\TARGET_STM\TARGET_STM32F4\TARGET_STM3
2F429xI\device\TOOLCHAIN_ARM_STD\startup_stm32f429xx.S

DMA2_Stream0_IRQHandler 0000001A

Symbol: DMA2_Stream0_IRQHandler
   Definitions
      At line 372 in file mbed-os\targets\TARGET_STM\TARGET_STM32F4\TARGET_STM3
2F429xI\device\TOOLCHAIN_ARM_STD\startup_stm32f429xx.S
   Uses
      At line 125 in file mbed-os\targets\TARGET_STM\TARGET_STM32F4\TARGET_STM3
2F429xI\device\TOOLCHAIN_ARM_STD\startup_stm32f429xx.S
      At line 281 in file mbed-os\targets\TARGET_STM\TARGET_STM32F4\TARGET_STM3
2F429xI\device\TOOLCHAIN_ARM_STD\startup_stm32f429xx.S

DMA2_Stream1_IRQHandler 0000001A

Symbol: DMA2_Stream1_IRQHandler
   Definitions
      At line 373 in file mbed-os\targets\TARGET_STM\TARGET_STM32F4\TARGET_STM3
2F429xI\device\TOOLCHAIN_ARM_STD\startup_stm32f429xx.S
   Uses
      At line 126 in file mbed-os\targets\TARGET_STM\TARGET_STM32F4\TARGET_STM3
2F429xI\device\TOOLCHAIN_ARM_STD\startup_stm32f429xx.S
      At line 282 in file mbed-os\targets\TARGET_STM\TARGET_STM32F4\TARGET_STM3
2F429xI\device\TOOLCHAIN_ARM_STD\startup_stm32f429xx.S

DMA2_Stream2_IRQHandler 0000001A

Symbol: DMA2_Stream2_IRQHandler
   Definitions
      At line 374 in file mbed-os\targets\TARGET_STM\TARGET_STM32F4\TARGET_STM3
2F429xI\device\TOOLCHAIN_ARM_STD\startup_stm32f429xx.S
   Uses
      At line 127 in file mbed-os\targets\TARGET_STM\TARGET_STM32F4\TARGET_STM3
2F429xI\device\TOOLCHAIN_ARM_STD\startup_stm32f429xx.S
      At line 283 in file mbed-os\targets\TARGET_STM\TARGET_STM32F4\TARGET_STM3
2F429xI\device\TOOLCHAIN_ARM_STD\startup_stm32f429xx.S

DMA2_Stream3_IRQHandler 0000001A

Symbol: DMA2_Stream3_IRQHandler
   Definitions
      At line 375 in file mbed-os\targets\TARGET_STM\TARGET_STM32F4\TARGET_STM3
2F429xI\device\TOOLCHAIN_ARM_STD\startup_stm32f429xx.S
   Uses
      At line 128 in file mbed-os\targets\TARGET_STM\TARGET_STM32F4\TARGET_STM3
2F429xI\device\TOOLCHAIN_ARM_STD\startup_stm32f429xx.S
      At line 284 in file mbed-os\targets\TARGET_STM\TARGET_STM32F4\TARGET_STM3



ARM Macro Assembler    Page 6 Alphabetic symbol ordering
Relocatable symbols

2F429xI\device\TOOLCHAIN_ARM_STD\startup_stm32f429xx.S

DMA2_Stream4_IRQHandler 0000001A

Symbol: DMA2_Stream4_IRQHandler
   Definitions
      At line 376 in file mbed-os\targets\TARGET_STM\TARGET_STM32F4\TARGET_STM3
2F429xI\device\TOOLCHAIN_ARM_STD\startup_stm32f429xx.S
   Uses
      At line 129 in file mbed-os\targets\TARGET_STM\TARGET_STM32F4\TARGET_STM3
2F429xI\device\TOOLCHAIN_ARM_STD\startup_stm32f429xx.S
      At line 285 in file mbed-os\targets\TARGET_STM\TARGET_STM32F4\TARGET_STM3
2F429xI\device\TOOLCHAIN_ARM_STD\startup_stm32f429xx.S

DMA2_Stream5_IRQHandler 0000001A

Symbol: DMA2_Stream5_IRQHandler
   Definitions
      At line 384 in file mbed-os\targets\TARGET_STM\TARGET_STM32F4\TARGET_STM3
2F429xI\device\TOOLCHAIN_ARM_STD\startup_stm32f429xx.S
   Uses
      At line 137 in file mbed-os\targets\TARGET_STM\TARGET_STM32F4\TARGET_STM3
2F429xI\device\TOOLCHAIN_ARM_STD\startup_stm32f429xx.S
      At line 293 in file mbed-os\targets\TARGET_STM\TARGET_STM32F4\TARGET_STM3
2F429xI\device\TOOLCHAIN_ARM_STD\startup_stm32f429xx.S

DMA2_Stream6_IRQHandler 0000001A

Symbol: DMA2_Stream6_IRQHandler
   Definitions
      At line 385 in file mbed-os\targets\TARGET_STM\TARGET_STM32F4\TARGET_STM3
2F429xI\device\TOOLCHAIN_ARM_STD\startup_stm32f429xx.S
   Uses
      At line 138 in file mbed-os\targets\TARGET_STM\TARGET_STM32F4\TARGET_STM3
2F429xI\device\TOOLCHAIN_ARM_STD\startup_stm32f429xx.S
      At line 294 in file mbed-os\targets\TARGET_STM\TARGET_STM32F4\TARGET_STM3
2F429xI\device\TOOLCHAIN_ARM_STD\startup_stm32f429xx.S

DMA2_Stream7_IRQHandler 0000001A

Symbol: DMA2_Stream7_IRQHandler
   Definitions
      At line 386 in file mbed-os\targets\TARGET_STM\TARGET_STM32F4\TARGET_STM3
2F429xI\device\TOOLCHAIN_ARM_STD\startup_stm32f429xx.S
   Uses
      At line 139 in file mbed-os\targets\TARGET_STM\TARGET_STM32F4\TARGET_STM3
2F429xI\device\TOOLCHAIN_ARM_STD\startup_stm32f429xx.S
      At line 295 in file mbed-os\targets\TARGET_STM\TARGET_STM32F4\TARGET_STM3
2F429xI\device\TOOLCHAIN_ARM_STD\startup_stm32f429xx.S

DebugMon_Handler 00000014

Symbol: DebugMon_Handler
   Definitions
      At line 209 in file mbed-os\targets\TARGET_STM\TARGET_STM32F4\TARGET_STM3
2F429xI\device\TOOLCHAIN_ARM_STD\startup_stm32f429xx.S
   Uses
      At line 63 in file mbed-os\targets\TARGET_STM\TARGET_STM32F4\TARGET_STM32
F429xI\device\TOOLCHAIN_ARM_STD\startup_stm32f429xx.S



ARM Macro Assembler    Page 7 Alphabetic symbol ordering
Relocatable symbols

      At line 211 in file mbed-os\targets\TARGET_STM\TARGET_STM32F4\TARGET_STM3
2F429xI\device\TOOLCHAIN_ARM_STD\startup_stm32f429xx.S

Default_Handler 0000001A

Symbol: Default_Handler
   Definitions
      At line 223 in file mbed-os\targets\TARGET_STM\TARGET_STM32F4\TARGET_STM3
2F429xI\device\TOOLCHAIN_ARM_STD\startup_stm32f429xx.S
   Uses
      None
Comment: Default_Handler unused
ETH_IRQHandler 0000001A

Symbol: ETH_IRQHandler
   Definitions
      At line 377 in file mbed-os\targets\TARGET_STM\TARGET_STM32F4\TARGET_STM3
2F429xI\device\TOOLCHAIN_ARM_STD\startup_stm32f429xx.S
   Uses
      At line 130 in file mbed-os\targets\TARGET_STM\TARGET_STM32F4\TARGET_STM3
2F429xI\device\TOOLCHAIN_ARM_STD\startup_stm32f429xx.S
      At line 286 in file mbed-os\targets\TARGET_STM\TARGET_STM32F4\TARGET_STM3
2F429xI\device\TOOLCHAIN_ARM_STD\startup_stm32f429xx.S

ETH_WKUP_IRQHandler 0000001A

Symbol: ETH_WKUP_IRQHandler
   Definitions
      At line 378 in file mbed-os\targets\TARGET_STM\TARGET_STM32F4\TARGET_STM3
2F429xI\device\TOOLCHAIN_ARM_STD\startup_stm32f429xx.S
   Uses
      At line 131 in file mbed-os\targets\TARGET_STM\TARGET_STM32F4\TARGET_STM3
2F429xI\device\TOOLCHAIN_ARM_STD\startup_stm32f429xx.S
      At line 287 in file mbed-os\targets\TARGET_STM\TARGET_STM32F4\TARGET_STM3
2F429xI\device\TOOLCHAIN_ARM_STD\startup_stm32f429xx.S

EXTI0_IRQHandler 0000001A

Symbol: EXTI0_IRQHandler
   Definitions
      At line 322 in file mbed-os\targets\TARGET_STM\TARGET_STM32F4\TARGET_STM3
2F429xI\device\TOOLCHAIN_ARM_STD\startup_stm32f429xx.S
   Uses
      At line 75 in file mbed-os\targets\TARGET_STM\TARGET_STM32F4\TARGET_STM32
F429xI\device\TOOLCHAIN_ARM_STD\startup_stm32f429xx.S
      At line 231 in file mbed-os\targets\TARGET_STM\TARGET_STM32F4\TARGET_STM3
2F429xI\device\TOOLCHAIN_ARM_STD\startup_stm32f429xx.S

EXTI15_10_IRQHandler 0000001A

Symbol: EXTI15_10_IRQHandler
   Definitions
      At line 356 in file mbed-os\targets\TARGET_STM\TARGET_STM32F4\TARGET_STM3
2F429xI\device\TOOLCHAIN_ARM_STD\startup_stm32f429xx.S
   Uses
      At line 109 in file mbed-os\targets\TARGET_STM\TARGET_STM32F4\TARGET_STM3
2F429xI\device\TOOLCHAIN_ARM_STD\startup_stm32f429xx.S
      At line 265 in file mbed-os\targets\TARGET_STM\TARGET_STM32F4\TARGET_STM3
2F429xI\device\TOOLCHAIN_ARM_STD\startup_stm32f429xx.S



ARM Macro Assembler    Page 8 Alphabetic symbol ordering
Relocatable symbols


EXTI1_IRQHandler 0000001A

Symbol: EXTI1_IRQHandler
   Definitions
      At line 323 in file mbed-os\targets\TARGET_STM\TARGET_STM32F4\TARGET_STM3
2F429xI\device\TOOLCHAIN_ARM_STD\startup_stm32f429xx.S
   Uses
      At line 76 in file mbed-os\targets\TARGET_STM\TARGET_STM32F4\TARGET_STM32
F429xI\device\TOOLCHAIN_ARM_STD\startup_stm32f429xx.S
      At line 232 in file mbed-os\targets\TARGET_STM\TARGET_STM32F4\TARGET_STM3
2F429xI\device\TOOLCHAIN_ARM_STD\startup_stm32f429xx.S

EXTI2_IRQHandler 0000001A

Symbol: EXTI2_IRQHandler
   Definitions
      At line 324 in file mbed-os\targets\TARGET_STM\TARGET_STM32F4\TARGET_STM3
2F429xI\device\TOOLCHAIN_ARM_STD\startup_stm32f429xx.S
   Uses
      At line 77 in file mbed-os\targets\TARGET_STM\TARGET_STM32F4\TARGET_STM32
F429xI\device\TOOLCHAIN_ARM_STD\startup_stm32f429xx.S
      At line 233 in file mbed-os\targets\TARGET_STM\TARGET_STM32F4\TARGET_STM3
2F429xI\device\TOOLCHAIN_ARM_STD\startup_stm32f429xx.S

EXTI3_IRQHandler 0000001A

Symbol: EXTI3_IRQHandler
   Definitions
      At line 325 in file mbed-os\targets\TARGET_STM\TARGET_STM32F4\TARGET_STM3
2F429xI\device\TOOLCHAIN_ARM_STD\startup_stm32f429xx.S
   Uses
      At line 78 in file mbed-os\targets\TARGET_STM\TARGET_STM32F4\TARGET_STM32
F429xI\device\TOOLCHAIN_ARM_STD\startup_stm32f429xx.S
      At line 234 in file mbed-os\targets\TARGET_STM\TARGET_STM32F4\TARGET_STM3
2F429xI\device\TOOLCHAIN_ARM_STD\startup_stm32f429xx.S

EXTI4_IRQHandler 0000001A

Symbol: EXTI4_IRQHandler
   Definitions
      At line 326 in file mbed-os\targets\TARGET_STM\TARGET_STM32F4\TARGET_STM3
2F429xI\device\TOOLCHAIN_ARM_STD\startup_stm32f429xx.S
   Uses
      At line 79 in file mbed-os\targets\TARGET_STM\TARGET_STM32F4\TARGET_STM32
F429xI\device\TOOLCHAIN_ARM_STD\startup_stm32f429xx.S
      At line 235 in file mbed-os\targets\TARGET_STM\TARGET_STM32F4\TARGET_STM3
2F429xI\device\TOOLCHAIN_ARM_STD\startup_stm32f429xx.S

EXTI9_5_IRQHandler 0000001A

Symbol: EXTI9_5_IRQHandler
   Definitions
      At line 339 in file mbed-os\targets\TARGET_STM\TARGET_STM32F4\TARGET_STM3
2F429xI\device\TOOLCHAIN_ARM_STD\startup_stm32f429xx.S
   Uses
      At line 92 in file mbed-os\targets\TARGET_STM\TARGET_STM32F4\TARGET_STM32
F429xI\device\TOOLCHAIN_ARM_STD\startup_stm32f429xx.S
      At line 248 in file mbed-os\targets\TARGET_STM\TARGET_STM32F4\TARGET_STM3



ARM Macro Assembler    Page 9 Alphabetic symbol ordering
Relocatable symbols

2F429xI\device\TOOLCHAIN_ARM_STD\startup_stm32f429xx.S

FLASH_IRQHandler 0000001A

Symbol: FLASH_IRQHandler
   Definitions
      At line 320 in file mbed-os\targets\TARGET_STM\TARGET_STM32F4\TARGET_STM3
2F429xI\device\TOOLCHAIN_ARM_STD\startup_stm32f429xx.S
   Uses
      At line 73 in file mbed-os\targets\TARGET_STM\TARGET_STM32F4\TARGET_STM32
F429xI\device\TOOLCHAIN_ARM_STD\startup_stm32f429xx.S
      At line 229 in file mbed-os\targets\TARGET_STM\TARGET_STM32F4\TARGET_STM3
2F429xI\device\TOOLCHAIN_ARM_STD\startup_stm32f429xx.S

FMC_IRQHandler 0000001A

Symbol: FMC_IRQHandler
   Definitions
      At line 364 in file mbed-os\targets\TARGET_STM\TARGET_STM32F4\TARGET_STM3
2F429xI\device\TOOLCHAIN_ARM_STD\startup_stm32f429xx.S
   Uses
      At line 117 in file mbed-os\targets\TARGET_STM\TARGET_STM32F4\TARGET_STM3
2F429xI\device\TOOLCHAIN_ARM_STD\startup_stm32f429xx.S
      At line 273 in file mbed-os\targets\TARGET_STM\TARGET_STM32F4\TARGET_STM3
2F429xI\device\TOOLCHAIN_ARM_STD\startup_stm32f429xx.S

FPU_IRQHandler 0000001A

Symbol: FPU_IRQHandler
   Definitions
      At line 396 in file mbed-os\targets\TARGET_STM\TARGET_STM32F4\TARGET_STM3
2F429xI\device\TOOLCHAIN_ARM_STD\startup_stm32f429xx.S
   Uses
      At line 150 in file mbed-os\targets\TARGET_STM\TARGET_STM32F4\TARGET_STM3
2F429xI\device\TOOLCHAIN_ARM_STD\startup_stm32f429xx.S
      At line 305 in file mbed-os\targets\TARGET_STM\TARGET_STM32F4\TARGET_STM3
2F429xI\device\TOOLCHAIN_ARM_STD\startup_stm32f429xx.S

HASH_RNG_IRQHandler 0000001A

Symbol: HASH_RNG_IRQHandler
   Definitions
      At line 395 in file mbed-os\targets\TARGET_STM\TARGET_STM32F4\TARGET_STM3
2F429xI\device\TOOLCHAIN_ARM_STD\startup_stm32f429xx.S
   Uses
      At line 149 in file mbed-os\targets\TARGET_STM\TARGET_STM32F4\TARGET_STM3
2F429xI\device\TOOLCHAIN_ARM_STD\startup_stm32f429xx.S
      At line 304 in file mbed-os\targets\TARGET_STM\TARGET_STM32F4\TARGET_STM3
2F429xI\device\TOOLCHAIN_ARM_STD\startup_stm32f429xx.S

HardFault_Handler 0000000A

Symbol: HardFault_Handler
   Definitions
      At line 185 in file mbed-os\targets\TARGET_STM\TARGET_STM32F4\TARGET_STM3
2F429xI\device\TOOLCHAIN_ARM_STD\startup_stm32f429xx.S
   Uses
      At line 54 in file mbed-os\targets\TARGET_STM\TARGET_STM32F4\TARGET_STM32
F429xI\device\TOOLCHAIN_ARM_STD\startup_stm32f429xx.S



ARM Macro Assembler    Page 10 Alphabetic symbol ordering
Relocatable symbols

      At line 187 in file mbed-os\targets\TARGET_STM\TARGET_STM32F4\TARGET_STM3
2F429xI\device\TOOLCHAIN_ARM_STD\startup_stm32f429xx.S

I2C1_ER_IRQHandler 0000001A

Symbol: I2C1_ER_IRQHandler
   Definitions
      At line 348 in file mbed-os\targets\TARGET_STM\TARGET_STM32F4\TARGET_STM3
2F429xI\device\TOOLCHAIN_ARM_STD\startup_stm32f429xx.S
   Uses
      At line 101 in file mbed-os\targets\TARGET_STM\TARGET_STM32F4\TARGET_STM3
2F429xI\device\TOOLCHAIN_ARM_STD\startup_stm32f429xx.S
      At line 257 in file mbed-os\targets\TARGET_STM\TARGET_STM32F4\TARGET_STM3
2F429xI\device\TOOLCHAIN_ARM_STD\startup_stm32f429xx.S

I2C1_EV_IRQHandler 0000001A

Symbol: I2C1_EV_IRQHandler
   Definitions
      At line 347 in file mbed-os\targets\TARGET_STM\TARGET_STM32F4\TARGET_STM3
2F429xI\device\TOOLCHAIN_ARM_STD\startup_stm32f429xx.S
   Uses
      At line 100 in file mbed-os\targets\TARGET_STM\TARGET_STM32F4\TARGET_STM3
2F429xI\device\TOOLCHAIN_ARM_STD\startup_stm32f429xx.S
      At line 256 in file mbed-os\targets\TARGET_STM\TARGET_STM32F4\TARGET_STM3
2F429xI\device\TOOLCHAIN_ARM_STD\startup_stm32f429xx.S

I2C2_ER_IRQHandler 0000001A

Symbol: I2C2_ER_IRQHandler
   Definitions
      At line 350 in file mbed-os\targets\TARGET_STM\TARGET_STM32F4\TARGET_STM3
2F429xI\device\TOOLCHAIN_ARM_STD\startup_stm32f429xx.S
   Uses
      At line 103 in file mbed-os\targets\TARGET_STM\TARGET_STM32F4\TARGET_STM3
2F429xI\device\TOOLCHAIN_ARM_STD\startup_stm32f429xx.S
      At line 259 in file mbed-os\targets\TARGET_STM\TARGET_STM32F4\TARGET_STM3
2F429xI\device\TOOLCHAIN_ARM_STD\startup_stm32f429xx.S

I2C2_EV_IRQHandler 0000001A

Symbol: I2C2_EV_IRQHandler
   Definitions
      At line 349 in file mbed-os\targets\TARGET_STM\TARGET_STM32F4\TARGET_STM3
2F429xI\device\TOOLCHAIN_ARM_STD\startup_stm32f429xx.S
   Uses
      At line 102 in file mbed-os\targets\TARGET_STM\TARGET_STM32F4\TARGET_STM3
2F429xI\device\TOOLCHAIN_ARM_STD\startup_stm32f429xx.S
      At line 258 in file mbed-os\targets\TARGET_STM\TARGET_STM32F4\TARGET_STM3
2F429xI\device\TOOLCHAIN_ARM_STD\startup_stm32f429xx.S

I2C3_ER_IRQHandler 0000001A

Symbol: I2C3_ER_IRQHandler
   Definitions
      At line 389 in file mbed-os\targets\TARGET_STM\TARGET_STM32F4\TARGET_STM3
2F429xI\device\TOOLCHAIN_ARM_STD\startup_stm32f429xx.S
   Uses
      At line 142 in file mbed-os\targets\TARGET_STM\TARGET_STM32F4\TARGET_STM3



ARM Macro Assembler    Page 11 Alphabetic symbol ordering
Relocatable symbols

2F429xI\device\TOOLCHAIN_ARM_STD\startup_stm32f429xx.S
      At line 298 in file mbed-os\targets\TARGET_STM\TARGET_STM32F4\TARGET_STM3
2F429xI\device\TOOLCHAIN_ARM_STD\startup_stm32f429xx.S

I2C3_EV_IRQHandler 0000001A

Symbol: I2C3_EV_IRQHandler
   Definitions
      At line 388 in file mbed-os\targets\TARGET_STM\TARGET_STM32F4\TARGET_STM3
2F429xI\device\TOOLCHAIN_ARM_STD\startup_stm32f429xx.S
   Uses
      At line 141 in file mbed-os\targets\TARGET_STM\TARGET_STM32F4\TARGET_STM3
2F429xI\device\TOOLCHAIN_ARM_STD\startup_stm32f429xx.S
      At line 297 in file mbed-os\targets\TARGET_STM\TARGET_STM32F4\TARGET_STM3
2F429xI\device\TOOLCHAIN_ARM_STD\startup_stm32f429xx.S

LTDC_ER_IRQHandler 0000001A

Symbol: LTDC_ER_IRQHandler
   Definitions
      At line 404 in file mbed-os\targets\TARGET_STM\TARGET_STM32F4\TARGET_STM3
2F429xI\device\TOOLCHAIN_ARM_STD\startup_stm32f429xx.S
   Uses
      At line 158 in file mbed-os\targets\TARGET_STM\TARGET_STM32F4\TARGET_STM3
2F429xI\device\TOOLCHAIN_ARM_STD\startup_stm32f429xx.S
      At line 313 in file mbed-os\targets\TARGET_STM\TARGET_STM32F4\TARGET_STM3
2F429xI\device\TOOLCHAIN_ARM_STD\startup_stm32f429xx.S

LTDC_IRQHandler 0000001A

Symbol: LTDC_IRQHandler
   Definitions
      At line 403 in file mbed-os\targets\TARGET_STM\TARGET_STM32F4\TARGET_STM3
2F429xI\device\TOOLCHAIN_ARM_STD\startup_stm32f429xx.S
   Uses
      At line 157 in file mbed-os\targets\TARGET_STM\TARGET_STM32F4\TARGET_STM3
2F429xI\device\TOOLCHAIN_ARM_STD\startup_stm32f429xx.S
      At line 312 in file mbed-os\targets\TARGET_STM\TARGET_STM32F4\TARGET_STM3
2F429xI\device\TOOLCHAIN_ARM_STD\startup_stm32f429xx.S

MemManage_Handler 0000000C

Symbol: MemManage_Handler
   Definitions
      At line 190 in file mbed-os\targets\TARGET_STM\TARGET_STM32F4\TARGET_STM3
2F429xI\device\TOOLCHAIN_ARM_STD\startup_stm32f429xx.S
   Uses
      At line 55 in file mbed-os\targets\TARGET_STM\TARGET_STM32F4\TARGET_STM32
F429xI\device\TOOLCHAIN_ARM_STD\startup_stm32f429xx.S
      At line 192 in file mbed-os\targets\TARGET_STM\TARGET_STM32F4\TARGET_STM3
2F429xI\device\TOOLCHAIN_ARM_STD\startup_stm32f429xx.S

NMI_Handler 00000008

Symbol: NMI_Handler
   Definitions
      At line 181 in file mbed-os\targets\TARGET_STM\TARGET_STM32F4\TARGET_STM3
2F429xI\device\TOOLCHAIN_ARM_STD\startup_stm32f429xx.S
   Uses



ARM Macro Assembler    Page 12 Alphabetic symbol ordering
Relocatable symbols

      At line 53 in file mbed-os\targets\TARGET_STM\TARGET_STM32F4\TARGET_STM32
F429xI\device\TOOLCHAIN_ARM_STD\startup_stm32f429xx.S
      At line 182 in file mbed-os\targets\TARGET_STM\TARGET_STM32F4\TARGET_STM3
2F429xI\device\TOOLCHAIN_ARM_STD\startup_stm32f429xx.S

OTG_FS_IRQHandler 0000001A

Symbol: OTG_FS_IRQHandler
   Definitions
      At line 383 in file mbed-os\targets\TARGET_STM\TARGET_STM32F4\TARGET_STM3
2F429xI\device\TOOLCHAIN_ARM_STD\startup_stm32f429xx.S
   Uses
      At line 136 in file mbed-os\targets\TARGET_STM\TARGET_STM32F4\TARGET_STM3
2F429xI\device\TOOLCHAIN_ARM_STD\startup_stm32f429xx.S
      At line 292 in file mbed-os\targets\TARGET_STM\TARGET_STM32F4\TARGET_STM3
2F429xI\device\TOOLCHAIN_ARM_STD\startup_stm32f429xx.S

OTG_FS_WKUP_IRQHandler 0000001A

Symbol: OTG_FS_WKUP_IRQHandler
   Definitions
      At line 358 in file mbed-os\targets\TARGET_STM\TARGET_STM32F4\TARGET_STM3
2F429xI\device\TOOLCHAIN_ARM_STD\startup_stm32f429xx.S
   Uses
      At line 111 in file mbed-os\targets\TARGET_STM\TARGET_STM32F4\TARGET_STM3
2F429xI\device\TOOLCHAIN_ARM_STD\startup_stm32f429xx.S
      At line 267 in file mbed-os\targets\TARGET_STM\TARGET_STM32F4\TARGET_STM3
2F429xI\device\TOOLCHAIN_ARM_STD\startup_stm32f429xx.S

OTG_HS_EP1_IN_IRQHandler 0000001A

Symbol: OTG_HS_EP1_IN_IRQHandler
   Definitions
      At line 391 in file mbed-os\targets\TARGET_STM\TARGET_STM32F4\TARGET_STM3
2F429xI\device\TOOLCHAIN_ARM_STD\startup_stm32f429xx.S
   Uses
      At line 144 in file mbed-os\targets\TARGET_STM\TARGET_STM32F4\TARGET_STM3
2F429xI\device\TOOLCHAIN_ARM_STD\startup_stm32f429xx.S
      At line 300 in file mbed-os\targets\TARGET_STM\TARGET_STM32F4\TARGET_STM3
2F429xI\device\TOOLCHAIN_ARM_STD\startup_stm32f429xx.S

OTG_HS_EP1_OUT_IRQHandler 0000001A

Symbol: OTG_HS_EP1_OUT_IRQHandler
   Definitions
      At line 390 in file mbed-os\targets\TARGET_STM\TARGET_STM32F4\TARGET_STM3
2F429xI\device\TOOLCHAIN_ARM_STD\startup_stm32f429xx.S
   Uses
      At line 143 in file mbed-os\targets\TARGET_STM\TARGET_STM32F4\TARGET_STM3
2F429xI\device\TOOLCHAIN_ARM_STD\startup_stm32f429xx.S
      At line 299 in file mbed-os\targets\TARGET_STM\TARGET_STM32F4\TARGET_STM3
2F429xI\device\TOOLCHAIN_ARM_STD\startup_stm32f429xx.S

OTG_HS_IRQHandler 0000001A

Symbol: OTG_HS_IRQHandler
   Definitions
      At line 393 in file mbed-os\targets\TARGET_STM\TARGET_STM32F4\TARGET_STM3
2F429xI\device\TOOLCHAIN_ARM_STD\startup_stm32f429xx.S



ARM Macro Assembler    Page 13 Alphabetic symbol ordering
Relocatable symbols

   Uses
      At line 146 in file mbed-os\targets\TARGET_STM\TARGET_STM32F4\TARGET_STM3
2F429xI\device\TOOLCHAIN_ARM_STD\startup_stm32f429xx.S
      At line 302 in file mbed-os\targets\TARGET_STM\TARGET_STM32F4\TARGET_STM3
2F429xI\device\TOOLCHAIN_ARM_STD\startup_stm32f429xx.S

OTG_HS_WKUP_IRQHandler 0000001A

Symbol: OTG_HS_WKUP_IRQHandler
   Definitions
      At line 392 in file mbed-os\targets\TARGET_STM\TARGET_STM32F4\TARGET_STM3
2F429xI\device\TOOLCHAIN_ARM_STD\startup_stm32f429xx.S
   Uses
      At line 145 in file mbed-os\targets\TARGET_STM\TARGET_STM32F4\TARGET_STM3
2F429xI\device\TOOLCHAIN_ARM_STD\startup_stm32f429xx.S
      At line 301 in file mbed-os\targets\TARGET_STM\TARGET_STM32F4\TARGET_STM3
2F429xI\device\TOOLCHAIN_ARM_STD\startup_stm32f429xx.S

PVD_IRQHandler 0000001A

Symbol: PVD_IRQHandler
   Definitions
      At line 317 in file mbed-os\targets\TARGET_STM\TARGET_STM32F4\TARGET_STM3
2F429xI\device\TOOLCHAIN_ARM_STD\startup_stm32f429xx.S
   Uses
      At line 70 in file mbed-os\targets\TARGET_STM\TARGET_STM32F4\TARGET_STM32
F429xI\device\TOOLCHAIN_ARM_STD\startup_stm32f429xx.S
      At line 226 in file mbed-os\targets\TARGET_STM\TARGET_STM32F4\TARGET_STM3
2F429xI\device\TOOLCHAIN_ARM_STD\startup_stm32f429xx.S

PendSV_Handler 00000016

Symbol: PendSV_Handler
   Definitions
      At line 214 in file mbed-os\targets\TARGET_STM\TARGET_STM32F4\TARGET_STM3
2F429xI\device\TOOLCHAIN_ARM_STD\startup_stm32f429xx.S
   Uses
      At line 65 in file mbed-os\targets\TARGET_STM\TARGET_STM32F4\TARGET_STM32
F429xI\device\TOOLCHAIN_ARM_STD\startup_stm32f429xx.S
      At line 215 in file mbed-os\targets\TARGET_STM\TARGET_STM32F4\TARGET_STM3
2F429xI\device\TOOLCHAIN_ARM_STD\startup_stm32f429xx.S

RCC_IRQHandler 0000001A

Symbol: RCC_IRQHandler
   Definitions
      At line 321 in file mbed-os\targets\TARGET_STM\TARGET_STM32F4\TARGET_STM3
2F429xI\device\TOOLCHAIN_ARM_STD\startup_stm32f429xx.S
   Uses
      At line 74 in file mbed-os\targets\TARGET_STM\TARGET_STM32F4\TARGET_STM32
F429xI\device\TOOLCHAIN_ARM_STD\startup_stm32f429xx.S
      At line 230 in file mbed-os\targets\TARGET_STM\TARGET_STM32F4\TARGET_STM3
2F429xI\device\TOOLCHAIN_ARM_STD\startup_stm32f429xx.S

RTC_Alarm_IRQHandler 0000001A

Symbol: RTC_Alarm_IRQHandler
   Definitions
      At line 357 in file mbed-os\targets\TARGET_STM\TARGET_STM32F4\TARGET_STM3



ARM Macro Assembler    Page 14 Alphabetic symbol ordering
Relocatable symbols

2F429xI\device\TOOLCHAIN_ARM_STD\startup_stm32f429xx.S
   Uses
      At line 110 in file mbed-os\targets\TARGET_STM\TARGET_STM32F4\TARGET_STM3
2F429xI\device\TOOLCHAIN_ARM_STD\startup_stm32f429xx.S
      At line 266 in file mbed-os\targets\TARGET_STM\TARGET_STM32F4\TARGET_STM3
2F429xI\device\TOOLCHAIN_ARM_STD\startup_stm32f429xx.S

RTC_WKUP_IRQHandler 0000001A

Symbol: RTC_WKUP_IRQHandler
   Definitions
      At line 319 in file mbed-os\targets\TARGET_STM\TARGET_STM32F4\TARGET_STM3
2F429xI\device\TOOLCHAIN_ARM_STD\startup_stm32f429xx.S
   Uses
      At line 72 in file mbed-os\targets\TARGET_STM\TARGET_STM32F4\TARGET_STM32
F429xI\device\TOOLCHAIN_ARM_STD\startup_stm32f429xx.S
      At line 228 in file mbed-os\targets\TARGET_STM\TARGET_STM32F4\TARGET_STM3
2F429xI\device\TOOLCHAIN_ARM_STD\startup_stm32f429xx.S

Reset_Handler 00000000

Symbol: Reset_Handler
   Definitions
      At line 168 in file mbed-os\targets\TARGET_STM\TARGET_STM32F4\TARGET_STM3
2F429xI\device\TOOLCHAIN_ARM_STD\startup_stm32f429xx.S
   Uses
      At line 52 in file mbed-os\targets\TARGET_STM\TARGET_STM32F4\TARGET_STM32
F429xI\device\TOOLCHAIN_ARM_STD\startup_stm32f429xx.S
      At line 169 in file mbed-os\targets\TARGET_STM\TARGET_STM32F4\TARGET_STM3
2F429xI\device\TOOLCHAIN_ARM_STD\startup_stm32f429xx.S

SAI1_IRQHandler 0000001A

Symbol: SAI1_IRQHandler
   Definitions
      At line 402 in file mbed-os\targets\TARGET_STM\TARGET_STM32F4\TARGET_STM3
2F429xI\device\TOOLCHAIN_ARM_STD\startup_stm32f429xx.S
   Uses
      At line 156 in file mbed-os\targets\TARGET_STM\TARGET_STM32F4\TARGET_STM3
2F429xI\device\TOOLCHAIN_ARM_STD\startup_stm32f429xx.S
      At line 311 in file mbed-os\targets\TARGET_STM\TARGET_STM32F4\TARGET_STM3
2F429xI\device\TOOLCHAIN_ARM_STD\startup_stm32f429xx.S

SDIO_IRQHandler 0000001A

Symbol: SDIO_IRQHandler
   Definitions
      At line 365 in file mbed-os\targets\TARGET_STM\TARGET_STM32F4\TARGET_STM3
2F429xI\device\TOOLCHAIN_ARM_STD\startup_stm32f429xx.S
   Uses
      At line 118 in file mbed-os\targets\TARGET_STM\TARGET_STM32F4\TARGET_STM3
2F429xI\device\TOOLCHAIN_ARM_STD\startup_stm32f429xx.S
      At line 274 in file mbed-os\targets\TARGET_STM\TARGET_STM32F4\TARGET_STM3
2F429xI\device\TOOLCHAIN_ARM_STD\startup_stm32f429xx.S

SPI1_IRQHandler 0000001A

Symbol: SPI1_IRQHandler
   Definitions



ARM Macro Assembler    Page 15 Alphabetic symbol ordering
Relocatable symbols

      At line 351 in file mbed-os\targets\TARGET_STM\TARGET_STM32F4\TARGET_STM3
2F429xI\device\TOOLCHAIN_ARM_STD\startup_stm32f429xx.S
   Uses
      At line 104 in file mbed-os\targets\TARGET_STM\TARGET_STM32F4\TARGET_STM3
2F429xI\device\TOOLCHAIN_ARM_STD\startup_stm32f429xx.S
      At line 260 in file mbed-os\targets\TARGET_STM\TARGET_STM32F4\TARGET_STM3
2F429xI\device\TOOLCHAIN_ARM_STD\startup_stm32f429xx.S

SPI2_IRQHandler 0000001A

Symbol: SPI2_IRQHandler
   Definitions
      At line 352 in file mbed-os\targets\TARGET_STM\TARGET_STM32F4\TARGET_STM3
2F429xI\device\TOOLCHAIN_ARM_STD\startup_stm32f429xx.S
   Uses
      At line 105 in file mbed-os\targets\TARGET_STM\TARGET_STM32F4\TARGET_STM3
2F429xI\device\TOOLCHAIN_ARM_STD\startup_stm32f429xx.S
      At line 261 in file mbed-os\targets\TARGET_STM\TARGET_STM32F4\TARGET_STM3
2F429xI\device\TOOLCHAIN_ARM_STD\startup_stm32f429xx.S

SPI3_IRQHandler 0000001A

Symbol: SPI3_IRQHandler
   Definitions
      At line 367 in file mbed-os\targets\TARGET_STM\TARGET_STM32F4\TARGET_STM3
2F429xI\device\TOOLCHAIN_ARM_STD\startup_stm32f429xx.S
   Uses
      At line 120 in file mbed-os\targets\TARGET_STM\TARGET_STM32F4\TARGET_STM3
2F429xI\device\TOOLCHAIN_ARM_STD\startup_stm32f429xx.S
      At line 276 in file mbed-os\targets\TARGET_STM\TARGET_STM32F4\TARGET_STM3
2F429xI\device\TOOLCHAIN_ARM_STD\startup_stm32f429xx.S

SPI4_IRQHandler 0000001A

Symbol: SPI4_IRQHandler
   Definitions
      At line 399 in file mbed-os\targets\TARGET_STM\TARGET_STM32F4\TARGET_STM3
2F429xI\device\TOOLCHAIN_ARM_STD\startup_stm32f429xx.S
   Uses
      At line 153 in file mbed-os\targets\TARGET_STM\TARGET_STM32F4\TARGET_STM3
2F429xI\device\TOOLCHAIN_ARM_STD\startup_stm32f429xx.S
      At line 308 in file mbed-os\targets\TARGET_STM\TARGET_STM32F4\TARGET_STM3
2F429xI\device\TOOLCHAIN_ARM_STD\startup_stm32f429xx.S

SPI5_IRQHandler 0000001A

Symbol: SPI5_IRQHandler
   Definitions
      At line 400 in file mbed-os\targets\TARGET_STM\TARGET_STM32F4\TARGET_STM3
2F429xI\device\TOOLCHAIN_ARM_STD\startup_stm32f429xx.S
   Uses
      At line 154 in file mbed-os\targets\TARGET_STM\TARGET_STM32F4\TARGET_STM3
2F429xI\device\TOOLCHAIN_ARM_STD\startup_stm32f429xx.S
      At line 309 in file mbed-os\targets\TARGET_STM\TARGET_STM32F4\TARGET_STM3
2F429xI\device\TOOLCHAIN_ARM_STD\startup_stm32f429xx.S

SPI6_IRQHandler 0000001A

Symbol: SPI6_IRQHandler



ARM Macro Assembler    Page 16 Alphabetic symbol ordering
Relocatable symbols

   Definitions
      At line 401 in file mbed-os\targets\TARGET_STM\TARGET_STM32F4\TARGET_STM3
2F429xI\device\TOOLCHAIN_ARM_STD\startup_stm32f429xx.S
   Uses
      At line 155 in file mbed-os\targets\TARGET_STM\TARGET_STM32F4\TARGET_STM3
2F429xI\device\TOOLCHAIN_ARM_STD\startup_stm32f429xx.S
      At line 310 in file mbed-os\targets\TARGET_STM\TARGET_STM32F4\TARGET_STM3
2F429xI\device\TOOLCHAIN_ARM_STD\startup_stm32f429xx.S

SVC_Handler 00000012

Symbol: SVC_Handler
   Definitions
      At line 205 in file mbed-os\targets\TARGET_STM\TARGET_STM32F4\TARGET_STM3
2F429xI\device\TOOLCHAIN_ARM_STD\startup_stm32f429xx.S
   Uses
      At line 62 in file mbed-os\targets\TARGET_STM\TARGET_STM32F4\TARGET_STM32
F429xI\device\TOOLCHAIN_ARM_STD\startup_stm32f429xx.S
      At line 206 in file mbed-os\targets\TARGET_STM\TARGET_STM32F4\TARGET_STM3
2F429xI\device\TOOLCHAIN_ARM_STD\startup_stm32f429xx.S

SysTick_Handler 00000018

Symbol: SysTick_Handler
   Definitions
      At line 218 in file mbed-os\targets\TARGET_STM\TARGET_STM32F4\TARGET_STM3
2F429xI\device\TOOLCHAIN_ARM_STD\startup_stm32f429xx.S
   Uses
      At line 66 in file mbed-os\targets\TARGET_STM\TARGET_STM32F4\TARGET_STM32
F429xI\device\TOOLCHAIN_ARM_STD\startup_stm32f429xx.S
      At line 219 in file mbed-os\targets\TARGET_STM\TARGET_STM32F4\TARGET_STM3
2F429xI\device\TOOLCHAIN_ARM_STD\startup_stm32f429xx.S

TAMP_STAMP_IRQHandler 0000001A

Symbol: TAMP_STAMP_IRQHandler
   Definitions
      At line 318 in file mbed-os\targets\TARGET_STM\TARGET_STM32F4\TARGET_STM3
2F429xI\device\TOOLCHAIN_ARM_STD\startup_stm32f429xx.S
   Uses
      At line 71 in file mbed-os\targets\TARGET_STM\TARGET_STM32F4\TARGET_STM32
F429xI\device\TOOLCHAIN_ARM_STD\startup_stm32f429xx.S
      At line 227 in file mbed-os\targets\TARGET_STM\TARGET_STM32F4\TARGET_STM3
2F429xI\device\TOOLCHAIN_ARM_STD\startup_stm32f429xx.S

TIM1_BRK_TIM9_IRQHandler 0000001A

Symbol: TIM1_BRK_TIM9_IRQHandler
   Definitions
      At line 340 in file mbed-os\targets\TARGET_STM\TARGET_STM32F4\TARGET_STM3
2F429xI\device\TOOLCHAIN_ARM_STD\startup_stm32f429xx.S
   Uses
      At line 93 in file mbed-os\targets\TARGET_STM\TARGET_STM32F4\TARGET_STM32
F429xI\device\TOOLCHAIN_ARM_STD\startup_stm32f429xx.S
      At line 249 in file mbed-os\targets\TARGET_STM\TARGET_STM32F4\TARGET_STM3
2F429xI\device\TOOLCHAIN_ARM_STD\startup_stm32f429xx.S

TIM1_CC_IRQHandler 0000001A




ARM Macro Assembler    Page 17 Alphabetic symbol ordering
Relocatable symbols

Symbol: TIM1_CC_IRQHandler
   Definitions
      At line 343 in file mbed-os\targets\TARGET_STM\TARGET_STM32F4\TARGET_STM3
2F429xI\device\TOOLCHAIN_ARM_STD\startup_stm32f429xx.S
   Uses
      At line 96 in file mbed-os\targets\TARGET_STM\TARGET_STM32F4\TARGET_STM32
F429xI\device\TOOLCHAIN_ARM_STD\startup_stm32f429xx.S
      At line 252 in file mbed-os\targets\TARGET_STM\TARGET_STM32F4\TARGET_STM3
2F429xI\device\TOOLCHAIN_ARM_STD\startup_stm32f429xx.S

TIM1_TRG_COM_TIM11_IRQHandler 0000001A

Symbol: TIM1_TRG_COM_TIM11_IRQHandler
   Definitions
      At line 342 in file mbed-os\targets\TARGET_STM\TARGET_STM32F4\TARGET_STM3
2F429xI\device\TOOLCHAIN_ARM_STD\startup_stm32f429xx.S
   Uses
      At line 95 in file mbed-os\targets\TARGET_STM\TARGET_STM32F4\TARGET_STM32
F429xI\device\TOOLCHAIN_ARM_STD\startup_stm32f429xx.S
      At line 251 in file mbed-os\targets\TARGET_STM\TARGET_STM32F4\TARGET_STM3
2F429xI\device\TOOLCHAIN_ARM_STD\startup_stm32f429xx.S

TIM1_UP_TIM10_IRQHandler 0000001A

Symbol: TIM1_UP_TIM10_IRQHandler
   Definitions
      At line 341 in file mbed-os\targets\TARGET_STM\TARGET_STM32F4\TARGET_STM3
2F429xI\device\TOOLCHAIN_ARM_STD\startup_stm32f429xx.S
   Uses
      At line 94 in file mbed-os\targets\TARGET_STM\TARGET_STM32F4\TARGET_STM32
F429xI\device\TOOLCHAIN_ARM_STD\startup_stm32f429xx.S
      At line 250 in file mbed-os\targets\TARGET_STM\TARGET_STM32F4\TARGET_STM3
2F429xI\device\TOOLCHAIN_ARM_STD\startup_stm32f429xx.S

TIM2_IRQHandler 0000001A

Symbol: TIM2_IRQHandler
   Definitions
      At line 344 in file mbed-os\targets\TARGET_STM\TARGET_STM32F4\TARGET_STM3
2F429xI\device\TOOLCHAIN_ARM_STD\startup_stm32f429xx.S
   Uses
      At line 97 in file mbed-os\targets\TARGET_STM\TARGET_STM32F4\TARGET_STM32
F429xI\device\TOOLCHAIN_ARM_STD\startup_stm32f429xx.S
      At line 253 in file mbed-os\targets\TARGET_STM\TARGET_STM32F4\TARGET_STM3
2F429xI\device\TOOLCHAIN_ARM_STD\startup_stm32f429xx.S

TIM3_IRQHandler 0000001A

Symbol: TIM3_IRQHandler
   Definitions
      At line 345 in file mbed-os\targets\TARGET_STM\TARGET_STM32F4\TARGET_STM3
2F429xI\device\TOOLCHAIN_ARM_STD\startup_stm32f429xx.S
   Uses
      At line 98 in file mbed-os\targets\TARGET_STM\TARGET_STM32F4\TARGET_STM32
F429xI\device\TOOLCHAIN_ARM_STD\startup_stm32f429xx.S
      At line 254 in file mbed-os\targets\TARGET_STM\TARGET_STM32F4\TARGET_STM3
2F429xI\device\TOOLCHAIN_ARM_STD\startup_stm32f429xx.S

TIM4_IRQHandler 0000001A



ARM Macro Assembler    Page 18 Alphabetic symbol ordering
Relocatable symbols


Symbol: TIM4_IRQHandler
   Definitions
      At line 346 in file mbed-os\targets\TARGET_STM\TARGET_STM32F4\TARGET_STM3
2F429xI\device\TOOLCHAIN_ARM_STD\startup_stm32f429xx.S
   Uses
      At line 99 in file mbed-os\targets\TARGET_STM\TARGET_STM32F4\TARGET_STM32
F429xI\device\TOOLCHAIN_ARM_STD\startup_stm32f429xx.S
      At line 255 in file mbed-os\targets\TARGET_STM\TARGET_STM32F4\TARGET_STM3
2F429xI\device\TOOLCHAIN_ARM_STD\startup_stm32f429xx.S

TIM5_IRQHandler 0000001A

Symbol: TIM5_IRQHandler
   Definitions
      At line 366 in file mbed-os\targets\TARGET_STM\TARGET_STM32F4\TARGET_STM3
2F429xI\device\TOOLCHAIN_ARM_STD\startup_stm32f429xx.S
   Uses
      At line 119 in file mbed-os\targets\TARGET_STM\TARGET_STM32F4\TARGET_STM3
2F429xI\device\TOOLCHAIN_ARM_STD\startup_stm32f429xx.S
      At line 275 in file mbed-os\targets\TARGET_STM\TARGET_STM32F4\TARGET_STM3
2F429xI\device\TOOLCHAIN_ARM_STD\startup_stm32f429xx.S

TIM6_DAC_IRQHandler 0000001A

Symbol: TIM6_DAC_IRQHandler
   Definitions
      At line 370 in file mbed-os\targets\TARGET_STM\TARGET_STM32F4\TARGET_STM3
2F429xI\device\TOOLCHAIN_ARM_STD\startup_stm32f429xx.S
   Uses
      At line 123 in file mbed-os\targets\TARGET_STM\TARGET_STM32F4\TARGET_STM3
2F429xI\device\TOOLCHAIN_ARM_STD\startup_stm32f429xx.S
      At line 279 in file mbed-os\targets\TARGET_STM\TARGET_STM32F4\TARGET_STM3
2F429xI\device\TOOLCHAIN_ARM_STD\startup_stm32f429xx.S

TIM7_IRQHandler 0000001A

Symbol: TIM7_IRQHandler
   Definitions
      At line 371 in file mbed-os\targets\TARGET_STM\TARGET_STM32F4\TARGET_STM3
2F429xI\device\TOOLCHAIN_ARM_STD\startup_stm32f429xx.S
   Uses
      At line 124 in file mbed-os\targets\TARGET_STM\TARGET_STM32F4\TARGET_STM3
2F429xI\device\TOOLCHAIN_ARM_STD\startup_stm32f429xx.S
      At line 280 in file mbed-os\targets\TARGET_STM\TARGET_STM32F4\TARGET_STM3
2F429xI\device\TOOLCHAIN_ARM_STD\startup_stm32f429xx.S

TIM8_BRK_TIM12_IRQHandler 0000001A

Symbol: TIM8_BRK_TIM12_IRQHandler
   Definitions
      At line 359 in file mbed-os\targets\TARGET_STM\TARGET_STM32F4\TARGET_STM3
2F429xI\device\TOOLCHAIN_ARM_STD\startup_stm32f429xx.S
   Uses
      At line 112 in file mbed-os\targets\TARGET_STM\TARGET_STM32F4\TARGET_STM3
2F429xI\device\TOOLCHAIN_ARM_STD\startup_stm32f429xx.S
      At line 268 in file mbed-os\targets\TARGET_STM\TARGET_STM32F4\TARGET_STM3
2F429xI\device\TOOLCHAIN_ARM_STD\startup_stm32f429xx.S




ARM Macro Assembler    Page 19 Alphabetic symbol ordering
Relocatable symbols

TIM8_CC_IRQHandler 0000001A

Symbol: TIM8_CC_IRQHandler
   Definitions
      At line 362 in file mbed-os\targets\TARGET_STM\TARGET_STM32F4\TARGET_STM3
2F429xI\device\TOOLCHAIN_ARM_STD\startup_stm32f429xx.S
   Uses
      At line 115 in file mbed-os\targets\TARGET_STM\TARGET_STM32F4\TARGET_STM3
2F429xI\device\TOOLCHAIN_ARM_STD\startup_stm32f429xx.S
      At line 271 in file mbed-os\targets\TARGET_STM\TARGET_STM32F4\TARGET_STM3
2F429xI\device\TOOLCHAIN_ARM_STD\startup_stm32f429xx.S

TIM8_TRG_COM_TIM14_IRQHandler 0000001A

Symbol: TIM8_TRG_COM_TIM14_IRQHandler
   Definitions
      At line 361 in file mbed-os\targets\TARGET_STM\TARGET_STM32F4\TARGET_STM3
2F429xI\device\TOOLCHAIN_ARM_STD\startup_stm32f429xx.S
   Uses
      At line 114 in file mbed-os\targets\TARGET_STM\TARGET_STM32F4\TARGET_STM3
2F429xI\device\TOOLCHAIN_ARM_STD\startup_stm32f429xx.S
      At line 270 in file mbed-os\targets\TARGET_STM\TARGET_STM32F4\TARGET_STM3
2F429xI\device\TOOLCHAIN_ARM_STD\startup_stm32f429xx.S

TIM8_UP_TIM13_IRQHandler 0000001A

Symbol: TIM8_UP_TIM13_IRQHandler
   Definitions
      At line 360 in file mbed-os\targets\TARGET_STM\TARGET_STM32F4\TARGET_STM3
2F429xI\device\TOOLCHAIN_ARM_STD\startup_stm32f429xx.S
   Uses
      At line 113 in file mbed-os\targets\TARGET_STM\TARGET_STM32F4\TARGET_STM3
2F429xI\device\TOOLCHAIN_ARM_STD\startup_stm32f429xx.S
      At line 269 in file mbed-os\targets\TARGET_STM\TARGET_STM32F4\TARGET_STM3
2F429xI\device\TOOLCHAIN_ARM_STD\startup_stm32f429xx.S

UART4_IRQHandler 0000001A

Symbol: UART4_IRQHandler
   Definitions
      At line 368 in file mbed-os\targets\TARGET_STM\TARGET_STM32F4\TARGET_STM3
2F429xI\device\TOOLCHAIN_ARM_STD\startup_stm32f429xx.S
   Uses
      At line 121 in file mbed-os\targets\TARGET_STM\TARGET_STM32F4\TARGET_STM3
2F429xI\device\TOOLCHAIN_ARM_STD\startup_stm32f429xx.S
      At line 277 in file mbed-os\targets\TARGET_STM\TARGET_STM32F4\TARGET_STM3
2F429xI\device\TOOLCHAIN_ARM_STD\startup_stm32f429xx.S

UART5_IRQHandler 0000001A

Symbol: UART5_IRQHandler
   Definitions
      At line 369 in file mbed-os\targets\TARGET_STM\TARGET_STM32F4\TARGET_STM3
2F429xI\device\TOOLCHAIN_ARM_STD\startup_stm32f429xx.S
   Uses
      At line 122 in file mbed-os\targets\TARGET_STM\TARGET_STM32F4\TARGET_STM3
2F429xI\device\TOOLCHAIN_ARM_STD\startup_stm32f429xx.S
      At line 278 in file mbed-os\targets\TARGET_STM\TARGET_STM32F4\TARGET_STM3
2F429xI\device\TOOLCHAIN_ARM_STD\startup_stm32f429xx.S



ARM Macro Assembler    Page 20 Alphabetic symbol ordering
Relocatable symbols


UART7_IRQHandler 0000001A

Symbol: UART7_IRQHandler
   Definitions
      At line 397 in file mbed-os\targets\TARGET_STM\TARGET_STM32F4\TARGET_STM3
2F429xI\device\TOOLCHAIN_ARM_STD\startup_stm32f429xx.S
   Uses
      At line 151 in file mbed-os\targets\TARGET_STM\TARGET_STM32F4\TARGET_STM3
2F429xI\device\TOOLCHAIN_ARM_STD\startup_stm32f429xx.S
      At line 306 in file mbed-os\targets\TARGET_STM\TARGET_STM32F4\TARGET_STM3
2F429xI\device\TOOLCHAIN_ARM_STD\startup_stm32f429xx.S

UART8_IRQHandler 0000001A

Symbol: UART8_IRQHandler
   Definitions
      At line 398 in file mbed-os\targets\TARGET_STM\TARGET_STM32F4\TARGET_STM3
2F429xI\device\TOOLCHAIN_ARM_STD\startup_stm32f429xx.S
   Uses
      At line 152 in file mbed-os\targets\TARGET_STM\TARGET_STM32F4\TARGET_STM3
2F429xI\device\TOOLCHAIN_ARM_STD\startup_stm32f429xx.S
      At line 307 in file mbed-os\targets\TARGET_STM\TARGET_STM32F4\TARGET_STM3
2F429xI\device\TOOLCHAIN_ARM_STD\startup_stm32f429xx.S

USART1_IRQHandler 0000001A

Symbol: USART1_IRQHandler
   Definitions
      At line 353 in file mbed-os\targets\TARGET_STM\TARGET_STM32F4\TARGET_STM3
2F429xI\device\TOOLCHAIN_ARM_STD\startup_stm32f429xx.S
   Uses
      At line 106 in file mbed-os\targets\TARGET_STM\TARGET_STM32F4\TARGET_STM3
2F429xI\device\TOOLCHAIN_ARM_STD\startup_stm32f429xx.S
      At line 262 in file mbed-os\targets\TARGET_STM\TARGET_STM32F4\TARGET_STM3
2F429xI\device\TOOLCHAIN_ARM_STD\startup_stm32f429xx.S

USART2_IRQHandler 0000001A

Symbol: USART2_IRQHandler
   Definitions
      At line 354 in file mbed-os\targets\TARGET_STM\TARGET_STM32F4\TARGET_STM3
2F429xI\device\TOOLCHAIN_ARM_STD\startup_stm32f429xx.S
   Uses
      At line 107 in file mbed-os\targets\TARGET_STM\TARGET_STM32F4\TARGET_STM3
2F429xI\device\TOOLCHAIN_ARM_STD\startup_stm32f429xx.S
      At line 263 in file mbed-os\targets\TARGET_STM\TARGET_STM32F4\TARGET_STM3
2F429xI\device\TOOLCHAIN_ARM_STD\startup_stm32f429xx.S

USART3_IRQHandler 0000001A

Symbol: USART3_IRQHandler
   Definitions
      At line 355 in file mbed-os\targets\TARGET_STM\TARGET_STM32F4\TARGET_STM3
2F429xI\device\TOOLCHAIN_ARM_STD\startup_stm32f429xx.S
   Uses
      At line 108 in file mbed-os\targets\TARGET_STM\TARGET_STM32F4\TARGET_STM3
2F429xI\device\TOOLCHAIN_ARM_STD\startup_stm32f429xx.S
      At line 264 in file mbed-os\targets\TARGET_STM\TARGET_STM32F4\TARGET_STM3



ARM Macro Assembler    Page 21 Alphabetic symbol ordering
Relocatable symbols

2F429xI\device\TOOLCHAIN_ARM_STD\startup_stm32f429xx.S

USART6_IRQHandler 0000001A

Symbol: USART6_IRQHandler
   Definitions
      At line 387 in file mbed-os\targets\TARGET_STM\TARGET_STM32F4\TARGET_STM3
2F429xI\device\TOOLCHAIN_ARM_STD\startup_stm32f429xx.S
   Uses
      At line 140 in file mbed-os\targets\TARGET_STM\TARGET_STM32F4\TARGET_STM3
2F429xI\device\TOOLCHAIN_ARM_STD\startup_stm32f429xx.S
      At line 296 in file mbed-os\targets\TARGET_STM\TARGET_STM32F4\TARGET_STM3
2F429xI\device\TOOLCHAIN_ARM_STD\startup_stm32f429xx.S

UsageFault_Handler 00000010

Symbol: UsageFault_Handler
   Definitions
      At line 200 in file mbed-os\targets\TARGET_STM\TARGET_STM32F4\TARGET_STM3
2F429xI\device\TOOLCHAIN_ARM_STD\startup_stm32f429xx.S
   Uses
      At line 57 in file mbed-os\targets\TARGET_STM\TARGET_STM32F4\TARGET_STM32
F429xI\device\TOOLCHAIN_ARM_STD\startup_stm32f429xx.S
      At line 202 in file mbed-os\targets\TARGET_STM\TARGET_STM32F4\TARGET_STM3
2F429xI\device\TOOLCHAIN_ARM_STD\startup_stm32f429xx.S

WWDG_IRQHandler 0000001A

Symbol: WWDG_IRQHandler
   Definitions
      At line 316 in file mbed-os\targets\TARGET_STM\TARGET_STM32F4\TARGET_STM3
2F429xI\device\TOOLCHAIN_ARM_STD\startup_stm32f429xx.S
   Uses
      At line 69 in file mbed-os\targets\TARGET_STM\TARGET_STM32F4\TARGET_STM32
F429xI\device\TOOLCHAIN_ARM_STD\startup_stm32f429xx.S
      At line 225 in file mbed-os\targets\TARGET_STM\TARGET_STM32F4\TARGET_STM3
2F429xI\device\TOOLCHAIN_ARM_STD\startup_stm32f429xx.S

102 symbols



ARM Macro Assembler    Page 1 Alphabetic symbol ordering
Absolute symbols

__Vectors_Size 000001AC

Symbol: __Vectors_Size
   Definitions
      At line 163 in file mbed-os\targets\TARGET_STM\TARGET_STM32F4\TARGET_STM3
2F429xI\device\TOOLCHAIN_ARM_STD\startup_stm32f429xx.S
   Uses
      At line 48 in file mbed-os\targets\TARGET_STM\TARGET_STM32F4\TARGET_STM32
F429xI\device\TOOLCHAIN_ARM_STD\startup_stm32f429xx.S
Comment: __Vectors_Size used once
1 symbol



ARM Macro Assembler    Page 1 Alphabetic symbol ordering
External symbols

Image$$ARM_LIB_STACK$$ZI$$Limit 00000000

Symbol: Image$$ARM_LIB_STACK$$ZI$$Limit
   Definitions
      At line 49 in file mbed-os\targets\TARGET_STM\TARGET_STM32F4\TARGET_STM32
F429xI\device\TOOLCHAIN_ARM_STD\startup_stm32f429xx.S
   Uses
      At line 51 in file mbed-os\targets\TARGET_STM\TARGET_STM32F4\TARGET_STM32
F429xI\device\TOOLCHAIN_ARM_STD\startup_stm32f429xx.S
Comment: Image$$ARM_LIB_STACK$$ZI$$Limit used once
SystemInit 00000000

Symbol: SystemInit
   Definitions
      At line 170 in file mbed-os\targets\TARGET_STM\TARGET_STM32F4\TARGET_STM3
2F429xI\device\TOOLCHAIN_ARM_STD\startup_stm32f429xx.S
   Uses
      At line 173 in file mbed-os\targets\TARGET_STM\TARGET_STM32F4\TARGET_STM3
2F429xI\device\TOOLCHAIN_ARM_STD\startup_stm32f429xx.S
Comment: SystemInit used once
__main 00000000

Symbol: __main
   Definitions
      At line 171 in file mbed-os\targets\TARGET_STM\TARGET_STM32F4\TARGET_STM3
2F429xI\device\TOOLCHAIN_ARM_STD\startup_stm32f429xx.S
   Uses
      At line 175 in file mbed-os\targets\TARGET_STM\TARGET_STM32F4\TARGET_STM3
2F429xI\device\TOOLCHAIN_ARM_STD\startup_stm32f429xx.S
Comment: __main used once
3 symbols
445 symbols in table
